{
  "/opt/magic_mirror/modules/MMM-Webuntis/lib/authService.js": {
    "path": "/opt/magic_mirror/modules/MMM-Webuntis/lib/authService.js",
    "statementMap": {
      "0": { "start": { "line": 6, "column": 20 }, "end": { "line": 6, "column": 44 } },
      "1": { "start": { "line": 7, "column": 16 }, "end": { "line": 7, "column": 30 } },
      "2": { "start": { "line": 8, "column": 19 }, "end": { "line": 8, "column": 42 } },
      "3": { "start": { "line": 12, "column": 4 }, "end": { "line": 12, "column": 48 } },
      "4": { "start": { "line": 13, "column": 4 }, "end": { "line": 13, "column": 62 } },
      "5": { "start": { "line": 14, "column": 4 }, "end": { "line": 14, "column": 32 } },
      "6": { "start": { "line": 15, "column": 4 }, "end": { "line": 15, "column": 34 } },
      "7": { "start": { "line": 24, "column": 4 }, "end": { "line": 24, "column": 57 } },
      "8": { "start": { "line": 24, "column": 45 }, "end": { "line": 24, "column": 57 } },
      "9": { "start": { "line": 26, "column": 4 }, "end": { "line": 37, "column": 5 } },
      "10": { "start": { "line": 27, "column": 20 }, "end": { "line": 27, "column": 36 } },
      "11": { "start": { "line": 28, "column": 6 }, "end": { "line": 28, "column": 42 } },
      "12": { "start": { "line": 28, "column": 30 }, "end": { "line": 28, "column": 42 } },
      "13": { "start": { "line": 30, "column": 22 }, "end": { "line": 30, "column": 76 } },
      "14": { "start": { "line": 31, "column": 23 }, "end": { "line": 31, "column": 48 } },
      "15": { "start": { "line": 33, "column": 6 }, "end": { "line": 33, "column": 57 } },
      "16": { "start": { "line": 35, "column": 6 }, "end": { "line": 35, "column": 101 } },
      "17": { "start": { "line": 36, "column": 6 }, "end": { "line": 36, "column": 18 } },
      "18": { "start": { "line": 47, "column": 25 }, "end": { "line": 47, "column": 32 } },
      "19": { "start": { "line": 48, "column": 30 }, "end": { "line": 48, "column": 63 } },
      "20": { "start": { "line": 51, "column": 19 }, "end": { "line": 51, "column": 57 } },
      "21": { "start": { "line": 54, "column": 4 }, "end": { "line": 65, "column": 5 } },
      "22": { "start": { "line": 55, "column": 6 }, "end": { "line": 64, "column": 8 } },
      "23": { "start": { "line": 68, "column": 4 }, "end": { "line": 71, "column": 5 } },
      "24": { "start": { "line": 69, "column": 6 }, "end": { "line": 69, "column": 91 } },
      "25": { "start": { "line": 70, "column": 6 }, "end": { "line": 70, "column": 60 } },
      "26": { "start": { "line": 74, "column": 24 }, "end": { "line": 74, "column": 81 } },
      "27": { "start": { "line": 75, "column": 4 }, "end": { "line": 75, "column": 58 } },
      "28": { "start": { "line": 77, "column": 4 }, "end": { "line": 83, "column": 5 } },
      "29": { "start": { "line": 78, "column": 21 }, "end": { "line": 78, "column": 38 } },
      "30": { "start": { "line": 79, "column": 6 }, "end": { "line": 79, "column": 20 } },
      "31": { "start": { "line": 82, "column": 6 }, "end": { "line": 82, "column": 50 } },
      "32": { "start": { "line": 92, "column": 4 }, "end": { "line": 125, "column": 5 } },
      "33": { "start": { "line": 93, "column": 6 }, "end": { "line": 124, "column": 7 } },
      "34": { "start": { "line": 94, "column": 8 }, "end": { "line": 94, "column": 96 } },
      "35": { "start": { "line": 95, "column": 22 }, "end": { "line": 95, "column": 94 } },
      "36": { "start": { "line": 98, "column": 8 }, "end": { "line": 108, "column": 11 } },
      "37": { "start": { "line": 110, "column": 8 }, "end": { "line": 110, "column": 70 } },
      "38": { "start": { "line": 111, "column": 8 }, "end": { "line": 120, "column": 10 } },
      "39": { "start": { "line": 122, "column": 8 }, "end": { "line": 122, "column": 113 } },
      "40": { "start": { "line": 127, "column": 4 }, "end": { "line": 165, "column": 5 } },
      "41": { "start": { "line": 129, "column": 25 }, "end": { "line": 129, "column": 80 } },
      "42": { "start": { "line": 130, "column": 52 }, "end": { "line": 130, "column": 62 } },
      "43": { "start": { "line": 133, "column": 20 }, "end": { "line": 133, "column": 73 } },
      "44": { "start": { "line": 136, "column": 23 }, "end": { "line": 136, "column": 71 } },
      "45": { "start": { "line": 139, "column": 6 }, "end": { "line": 149, "column": 9 } },
      "46": { "start": { "line": 151, "column": 6 }, "end": { "line": 151, "column": 78 } },
      "47": { "start": { "line": 152, "column": 6 }, "end": { "line": 161, "column": 8 } },
      "48": { "start": { "line": 163, "column": 6 }, "end": { "line": 163, "column": 92 } },
      "49": { "start": { "line": 164, "column": 6 }, "end": { "line": 164, "column": 18 } },
      "50": { "start": { "line": 179, "column": 25 }, "end": { "line": 179, "column": 32 } },
      "51": { "start": { "line": 180, "column": 30 }, "end": { "line": 180, "column": 106 } },
      "52": { "start": { "line": 183, "column": 19 }, "end": { "line": 183, "column": 57 } },
      "53": { "start": { "line": 186, "column": 4 }, "end": { "line": 195, "column": 5 } },
      "54": { "start": { "line": 187, "column": 6 }, "end": { "line": 194, "column": 8 } },
      "55": { "start": { "line": 198, "column": 4 }, "end": { "line": 201, "column": 5 } },
      "56": { "start": { "line": 199, "column": 6 }, "end": { "line": 199, "column": 91 } },
      "57": { "start": { "line": 200, "column": 6 }, "end": { "line": 200, "column": 60 } },
      "58": { "start": { "line": 204, "column": 24 }, "end": { "line": 204, "column": 105 } },
      "59": { "start": { "line": 205, "column": 4 }, "end": { "line": 205, "column": 58 } },
      "60": { "start": { "line": 207, "column": 4 }, "end": { "line": 213, "column": 5 } },
      "61": { "start": { "line": 208, "column": 21 }, "end": { "line": 208, "column": 38 } },
      "62": { "start": { "line": 209, "column": 6 }, "end": { "line": 209, "column": 20 } },
      "63": { "start": { "line": 212, "column": 6 }, "end": { "line": 212, "column": 50 } },
      "64": { "start": { "line": 221, "column": 52 }, "end": { "line": 221, "column": 59 } },
      "65": { "start": { "line": 223, "column": 18 }, "end": { "line": 223, "column": 22 } },
      "66": { "start": { "line": 226, "column": 4 }, "end": { "line": 276, "column": 5 } },
      "67": { "start": { "line": 229, "column": 6 }, "end": { "line": 247, "column": 7 } },
      "68": { "start": { "line": 230, "column": 8 }, "end": { "line": 246, "column": 9 } },
      "69": { "start": { "line": 231, "column": 10 }, "end": { "line": 231, "column": 103 } },
      "70": { "start": { "line": 232, "column": 27 }, "end": { "line": 232, "column": 109 } },
      "71": { "start": { "line": 235, "column": 10 }, "end": { "line": 235, "column": 39 } },
      "72": { "start": { "line": 236, "column": 10 }, "end": { "line": 236, "column": 101 } },
      "73": { "start": { "line": 238, "column": 10 }, "end": { "line": 238, "column": 110 } },
      "74": { "start": { "line": 240, "column": 10 }, "end": { "line": 243, "column": 11 } },
      "75": { "start": { "line": 241, "column": 12 }, "end": { "line": 241, "column": 111 } },
      "76": { "start": { "line": 242, "column": 12 }, "end": { "line": 242, "column": 92 } },
      "77": { "start": { "line": 245, "column": 10 }, "end": { "line": 245, "column": 35 } },
      "78": { "start": { "line": 249, "column": 6 }, "end": { "line": 275, "column": 7 } },
      "79": { "start": { "line": 250, "column": 8 }, "end": { "line": 250, "column": 73 } },
      "80": { "start": { "line": 253, "column": 25 }, "end": { "line": 255, "column": 111 } },
      "81": { "start": { "line": 258, "column": 25 }, "end": { "line": 258, "column": 91 } },
      "82": { "start": { "line": 260, "column": 23 }, "end": { "line": 267, "column": 9 } },
      "83": { "start": { "line": 269, "column": 8 }, "end": { "line": 272, "column": 11 } },
      "84": { "start": { "line": 274, "column": 8 }, "end": { "line": 274, "column": 22 } },
      "85": { "start": { "line": 279, "column": 4 }, "end": { "line": 327, "column": 5 } },
      "86": { "start": { "line": 280, "column": 27 }, "end": { "line": 280, "column": 54 } },
      "87": { "start": { "line": 281, "column": 6 }, "end": { "line": 283, "column": 7 } },
      "88": { "start": { "line": 282, "column": 8 }, "end": { "line": 282, "column": 76 } },
      "89": { "start": { "line": 285, "column": 18 }, "end": { "line": 285, "column": 22 } },
      "90": { "start": { "line": 286, "column": 6 }, "end": { "line": 292, "column": 7 } },
      "91": { "start": { "line": 287, "column": 8 }, "end": { "line": 291, "column": 9 } },
      "92": { "start": { "line": 288, "column": 10 }, "end": { "line": 288, "column": 51 } },
      "93": { "start": { "line": 290, "column": 10 }, "end": { "line": 290, "column": 89 } },
      "94": { "start": { "line": 295, "column": 6 }, "end": { "line": 301, "column": 7 } },
      "95": { "start": { "line": 296, "column": 8 }, "end": { "line": 300, "column": 9 } },
      "96": { "start": { "line": 297, "column": 10 }, "end": { "line": 297, "column": 77 } },
      "97": { "start": { "line": 299, "column": 10 }, "end": { "line": 299, "column": 92 } },
      "98": { "start": { "line": 304, "column": 23 }, "end": { "line": 304, "column": 76 } },
      "99": { "start": { "line": 305, "column": 6 }, "end": { "line": 305, "column": 33 } },
      "100": { "start": { "line": 308, "column": 23 }, "end": { "line": 308, "column": 56 } },
      "101": { "start": { "line": 310, "column": 6 }, "end": { "line": 317, "column": 9 } },
      "102": { "start": { "line": 319, "column": 6 }, "end": { "line": 326, "column": 8 } },
      "103": { "start": { "line": 330, "column": 4 }, "end": { "line": 332, "column": 5 } },
      "104": { "start": { "line": 331, "column": 6 }, "end": { "line": 331, "column": 81 } },
      "105": { "start": { "line": 334, "column": 4 }, "end": { "line": 380, "column": 5 } },
      "106": { "start": { "line": 336, "column": 25 }, "end": { "line": 341, "column": 8 } },
      "107": { "start": { "line": 343, "column": 27 }, "end": { "line": 343, "column": 45 } },
      "108": { "start": { "line": 344, "column": 6 }, "end": { "line": 346, "column": 7 } },
      "109": { "start": { "line": 345, "column": 8 }, "end": { "line": 345, "column": 55 } },
      "110": { "start": { "line": 349, "column": 20 }, "end": { "line": 349, "column": 78 } },
      "111": { "start": { "line": 352, "column": 23 }, "end": { "line": 352, "column": 76 } },
      "112": { "start": { "line": 353, "column": 6 }, "end": { "line": 353, "column": 33 } },
      "113": { "start": { "line": 356, "column": 23 }, "end": { "line": 356, "column": 56 } },
      "114": { "start": { "line": 359, "column": 6 }, "end": { "line": 366, "column": 9 } },
      "115": { "start": { "line": 368, "column": 6 }, "end": { "line": 368, "column": 82 } },
      "116": { "start": { "line": 369, "column": 6 }, "end": { "line": 376, "column": 8 } },
      "117": { "start": { "line": 378, "column": 6 }, "end": { "line": 378, "column": 79 } },
      "118": { "start": { "line": 379, "column": 6 }, "end": { "line": 379, "column": 18 } },
      "119": { "start": { "line": 389, "column": 4 }, "end": { "line": 392, "column": 5 } },
      "120": { "start": { "line": 390, "column": 6 }, "end": { "line": 390, "column": 99 } },
      "121": { "start": { "line": 391, "column": 6 }, "end": { "line": 391, "column": 19 } },
      "122": { "start": { "line": 393, "column": 4 }, "end": { "line": 397, "column": 5 } },
      "123": { "start": { "line": 394, "column": 6 }, "end": { "line": 394, "column": 39 } },
      "124": { "start": { "line": 395, "column": 6 }, "end": { "line": 395, "column": 97 } },
      "125": { "start": { "line": 396, "column": 6 }, "end": { "line": 396, "column": 18 } },
      "126": { "start": { "line": 398, "column": 4 }, "end": { "line": 398, "column": 17 } },
      "127": { "start": { "line": 411, "column": 4 }, "end": { "line": 411, "column": 30 } },
      "128": { "start": { "line": 411, "column": 18 }, "end": { "line": 411, "column": 30 } },
      "129": { "start": { "line": 413, "column": 4 }, "end": { "line": 431, "column": 6 } },
      "130": { "start": { "line": 435, "column": 19 }, "end": { "line": 435, "column": 23 } },
      "131": { "start": { "line": 436, "column": 23 }, "end": { "line": 436, "column": 27 } },
      "132": { "start": { "line": 437, "column": 18 }, "end": { "line": 437, "column": 22 } },
      "133": { "start": { "line": 439, "column": 4 }, "end": { "line": 462, "column": 5 } },
      "134": { "start": { "line": 440, "column": 22 }, "end": { "line": 443, "column": 7 } },
      "135": { "start": { "line": 446, "column": 6 }, "end": { "line": 448, "column": 7 } },
      "136": { "start": { "line": 447, "column": 8 }, "end": { "line": 447, "column": 50 } },
      "137": { "start": { "line": 450, "column": 26 }, "end": { "line": 453, "column": 8 } },
      "138": { "start": { "line": 455, "column": 6 }, "end": { "line": 459, "column": 7 } },
      "139": { "start": { "line": 456, "column": 8 }, "end": { "line": 456, "column": 35 } },
      "140": { "start": { "line": 457, "column": 8 }, "end": { "line": 457, "column": 48 } },
      "141": { "start": { "line": 458, "column": 8 }, "end": { "line": 458, "column": 63 } },
      "142": { "start": { "line": 461, "column": 6 }, "end": { "line": 461, "column": 85 } },
      "143": { "start": { "line": 464, "column": 4 }, "end": { "line": 464, "column": 78 } },
      "144": { "start": { "line": 474, "column": 17 }, "end": { "line": 474, "column": 63 } },
      "145": { "start": { "line": 475, "column": 17 }, "end": { "line": 475, "column": 63 } },
      "146": { "start": { "line": 477, "column": 4 }, "end": { "line": 485, "column": 5 } },
      "147": { "start": { "line": 478, "column": 6 }, "end": { "line": 484, "column": 7 } },
      "148": { "start": { "line": 479, "column": 22 }, "end": { "line": 479, "column": 45 } },
      "149": { "start": { "line": 480, "column": 8 }, "end": { "line": 480, "column": 60 } },
      "150": { "start": { "line": 481, "column": 8 }, "end": { "line": 481, "column": 57 } },
      "151": { "start": { "line": 483, "column": 8 }, "end": { "line": 483, "column": 90 } },
      "152": { "start": { "line": 488, "column": 4 }, "end": { "line": 494, "column": 5 } },
      "153": { "start": { "line": 489, "column": 6 }, "end": { "line": 493, "column": 7 } },
      "154": { "start": { "line": 490, "column": 8 }, "end": { "line": 490, "column": 42 } },
      "155": { "start": { "line": 496, "column": 4 }, "end": { "line": 496, "column": 30 } },
      "156": { "start": { "line": 511, "column": 20 }, "end": { "line": 511, "column": 22 } },
      "157": { "start": { "line": 512, "column": 23 }, "end": { "line": 512, "column": 46 } },
      "158": { "start": { "line": 513, "column": 30 }, "end": { "line": 513, "column": 111 } },
      "159": { "start": { "line": 514, "column": 31 }, "end": { "line": 514, "column": 122 } },
      "160": { "start": { "line": 515, "column": 39 }, "end": { "line": 515, "column": 129 } },
      "161": { "start": { "line": 516, "column": 28 }, "end": { "line": 516, "column": 81 } },
      "162": { "start": { "line": 517, "column": 27 }, "end": { "line": 517, "column": 84 } },
      "163": { "start": { "line": 521, "column": 26 }, "end": { "line": 521, "column": 77 } },
      "164": { "start": { "line": 530, "column": 29 }, "end": { "line": 530, "column": 44 } },
      "165": { "start": { "line": 531, "column": 4 }, "end": { "line": 533, "column": 5 } },
      "166": { "start": { "line": 532, "column": 6 }, "end": { "line": 532, "column": 122 } },
      "167": { "start": { "line": 534, "column": 4 }, "end": { "line": 537, "column": 5 } },
      "168": { "start": { "line": 535, "column": 6 }, "end": { "line": 535, "column": 53 } },
      "169": { "start": { "line": 536, "column": 6 }, "end": { "line": 536, "column": 120 } },
      "170": { "start": { "line": 538, "column": 4 }, "end": { "line": 565, "column": 5 } },
      "171": { "start": { "line": 540, "column": 6 }, "end": { "line": 564, "column": 7 } },
      "172": { "start": { "line": 541, "column": 25 }, "end": { "line": 541, "column": 46 } },
      "173": { "start": { "line": 542, "column": 8 }, "end": { "line": 542, "column": 128 } },
      "174": { "start": { "line": 543, "column": 8 }, "end": { "line": 555, "column": 9 } },
      "175": { "start": { "line": 546, "column": 12 }, "end": { "line": 547, "column": 23 } },
      "176": { "start": { "line": 546, "column": 33 }, "end": { "line": 546, "column": 125 } },
      "177": { "start": { "line": 548, "column": 10 }, "end": { "line": 548, "column": 106 } },
      "178": { "start": { "line": 549, "column": 10 }, "end": { "line": 552, "column": 12 } },
      "179": { "start": { "line": 554, "column": 10 }, "end": { "line": 554, "column": 129 } },
      "180": { "start": { "line": 556, "column": 13 }, "end": { "line": 564, "column": 7 } },
      "181": { "start": { "line": 558, "column": 8 }, "end": { "line": 558, "column": 41 } },
      "182": { "start": { "line": 559, "column": 26 }, "end": { "line": 559, "column": 71 } },
      "183": { "start": { "line": 560, "column": 8 }, "end": { "line": 560, "column": 126 } },
      "184": { "start": { "line": 563, "column": 8 }, "end": { "line": 563, "column": 138 } },
      "185": { "start": { "line": 566, "column": 4 }, "end": { "line": 572, "column": 5 } },
      "186": { "start": { "line": 567, "column": 28 }, "end": { "line": 567, "column": 70 } },
      "187": { "start": { "line": 568, "column": 6 }, "end": { "line": 571, "column": 7 } },
      "188": { "start": { "line": 569, "column": 8 }, "end": { "line": 569, "column": 43 } },
      "189": { "start": { "line": 570, "column": 8 }, "end": { "line": 570, "column": 95 } },
      "190": { "start": { "line": 574, "column": 4 }, "end": { "line": 583, "column": 5 } },
      "191": { "start": { "line": 575, "column": 6 }, "end": { "line": 582, "column": 9 } },
      "192": { "start": { "line": 585, "column": 4 }, "end": { "line": 594, "column": 5 } },
      "193": { "start": { "line": 586, "column": 6 }, "end": { "line": 593, "column": 9 } },
      "194": { "start": { "line": 596, "column": 4 }, "end": { "line": 596, "column": 19 } },
      "195": { "start": { "line": 605, "column": 4 }, "end": { "line": 605, "column": 86 } },
      "196": { "start": { "line": 605, "column": 76 }, "end": { "line": 605, "column": 86 } },
      "197": { "start": { "line": 607, "column": 20 }, "end": { "line": 607, "column": 22 } },
      "198": { "start": { "line": 608, "column": 4 }, "end": { "line": 618, "column": 7 } },
      "199": { "start": { "line": 609, "column": 18 }, "end": { "line": 609, "column": 65 } },
      "200": { "start": { "line": 610, "column": 6 }, "end": { "line": 610, "column": 40 } },
      "201": { "start": { "line": 610, "column": 33 }, "end": { "line": 610, "column": 40 } },
      "202": { "start": { "line": 612, "column": 20 }, "end": { "line": 612, "column": 71 } },
      "203": { "start": { "line": 613, "column": 6 }, "end": { "line": 617, "column": 9 } },
      "204": { "start": { "line": 620, "column": 4 }, "end": { "line": 620, "column": 19 } },
      "205": { "start": { "line": 628, "column": 4 }, "end": { "line": 632, "column": 5 } },
      "206": { "start": { "line": 629, "column": 6 }, "end": { "line": 629, "column": 39 } },
      "207": { "start": { "line": 631, "column": 6 }, "end": { "line": 631, "column": 30 } },
      "208": { "start": { "line": 640, "column": 4 }, "end": { "line": 643, "column": 6 } },
      "209": { "start": { "line": 647, "column": 0 }, "end": { "line": 647, "column": 29 } }
    },
    "fnMap": {
      "0": {
        "name": "(anonymous_0)",
        "decl": { "start": { "line": 11, "column": 2 }, "end": { "line": 11, "column": 3 } },
        "loc": { "start": { "line": 11, "column": 28 }, "end": { "line": 16, "column": 3 } },
        "line": 11
      },
      "1": {
        "name": "(anonymous_1)",
        "decl": { "start": { "line": 23, "column": 2 }, "end": { "line": 23, "column": 3 } },
        "loc": { "start": { "line": 23, "column": 34 }, "end": { "line": 38, "column": 3 } },
        "line": 23
      },
      "2": {
        "name": "(anonymous_2)",
        "decl": { "start": { "line": 46, "column": 2 }, "end": { "line": 46, "column": 3 } },
        "loc": { "start": { "line": 46, "column": 51 }, "end": { "line": 84, "column": 3 } },
        "line": 46
      },
      "3": {
        "name": "(anonymous_3)",
        "decl": { "start": { "line": 90, "column": 2 }, "end": { "line": 90, "column": 3 } },
        "loc": { "start": { "line": 90, "column": 61 }, "end": { "line": 166, "column": 3 } },
        "line": 90
      },
      "4": {
        "name": "(anonymous_4)",
        "decl": { "start": { "line": 178, "column": 2 }, "end": { "line": 178, "column": 3 } },
        "loc": { "start": { "line": 178, "column": 70 }, "end": { "line": 214, "column": 3 } },
        "line": 178
      },
      "5": {
        "name": "(anonymous_5)",
        "decl": { "start": { "line": 220, "column": 2 }, "end": { "line": 220, "column": 3 } },
        "loc": { "start": { "line": 220, "column": 85 }, "end": { "line": 381, "column": 3 } },
        "line": 220
      },
      "6": {
        "name": "(anonymous_6)",
        "decl": { "start": { "line": 388, "column": 2 }, "end": { "line": 388, "column": 3 } },
        "loc": { "start": { "line": 388, "column": 28 }, "end": { "line": 399, "column": 3 } },
        "line": 388
      },
      "7": {
        "name": "(anonymous_7)",
        "decl": { "start": { "line": 410, "column": 2 }, "end": { "line": 410, "column": 3 } },
        "loc": { "start": { "line": 410, "column": 27 }, "end": { "line": 432, "column": 3 } },
        "line": 410
      },
      "8": {
        "name": "(anonymous_8)",
        "decl": { "start": { "line": 434, "column": 2 }, "end": { "line": 434, "column": 3 } },
        "loc": { "start": { "line": 434, "column": 51 }, "end": { "line": 465, "column": 3 } },
        "line": 434
      },
      "9": {
        "name": "(anonymous_9)",
        "decl": { "start": { "line": 473, "column": 2 }, "end": { "line": 473, "column": 3 } },
        "loc": { "start": { "line": 473, "column": 53 }, "end": { "line": 497, "column": 3 } },
        "line": 473
      },
      "10": {
        "name": "(anonymous_10)",
        "decl": { "start": { "line": 510, "column": 2 }, "end": { "line": 510, "column": 3 } },
        "loc": { "start": { "line": 510, "column": 107 }, "end": { "line": 597, "column": 3 } },
        "line": 510
      },
      "11": {
        "name": "(anonymous_11)",
        "decl": { "start": { "line": 546, "column": 26 }, "end": { "line": 546, "column": 27 } },
        "loc": { "start": { "line": 546, "column": 33 }, "end": { "line": 546, "column": 125 } },
        "line": 546
      },
      "12": {
        "name": "(anonymous_12)",
        "decl": { "start": { "line": 604, "column": 2 }, "end": { "line": 604, "column": 3 } },
        "loc": { "start": { "line": 604, "column": 37 }, "end": { "line": 621, "column": 3 } },
        "line": 604
      },
      "13": {
        "name": "(anonymous_13)",
        "decl": { "start": { "line": 608, "column": 34 }, "end": { "line": 608, "column": 35 } },
        "loc": { "start": { "line": 608, "column": 47 }, "end": { "line": 618, "column": 5 } },
        "line": 608
      },
      "14": {
        "name": "(anonymous_14)",
        "decl": { "start": { "line": 627, "column": 2 }, "end": { "line": 627, "column": 3 } },
        "loc": { "start": { "line": 627, "column": 30 }, "end": { "line": 633, "column": 3 } },
        "line": 627
      },
      "15": {
        "name": "(anonymous_15)",
        "decl": { "start": { "line": 639, "column": 2 }, "end": { "line": 639, "column": 3 } },
        "loc": { "start": { "line": 639, "column": 18 }, "end": { "line": 644, "column": 3 } },
        "line": 639
      }
    },
    "branchMap": {
      "0": {
        "loc": { "start": { "line": 11, "column": 14 }, "end": { "line": 11, "column": 26 } },
        "type": "default-arg",
        "locations": [{ "start": { "line": 11, "column": 24 }, "end": { "line": 11, "column": 26 } }],
        "line": 11
      },
      "1": {
        "loc": { "start": { "line": 12, "column": 18 }, "end": { "line": 12, "column": 47 } },
        "type": "binary-expr",
        "locations": [
          { "start": { "line": 12, "column": 18 }, "end": { "line": 12, "column": 32 } },
          { "start": { "line": 12, "column": 36 }, "end": { "line": 12, "column": 47 } }
        ],
        "line": 12
      },
      "2": {
        "loc": { "start": { "line": 24, "column": 4 }, "end": { "line": 24, "column": 57 } },
        "type": "if",
        "locations": [
          { "start": { "line": 24, "column": 4 }, "end": { "line": 24, "column": 57 } },
          { "start": {}, "end": {} }
        ],
        "line": 24
      },
      "3": {
        "loc": { "start": { "line": 24, "column": 8 }, "end": { "line": 24, "column": 43 } },
        "type": "binary-expr",
        "locations": [
          { "start": { "line": 24, "column": 8 }, "end": { "line": 24, "column": 14 } },
          { "start": { "line": 24, "column": 18 }, "end": { "line": 24, "column": 43 } }
        ],
        "line": 24
      },
      "4": {
        "loc": { "start": { "line": 28, "column": 6 }, "end": { "line": 28, "column": 42 } },
        "type": "if",
        "locations": [
          { "start": { "line": 28, "column": 6 }, "end": { "line": 28, "column": 42 } },
          { "start": {}, "end": {} }
        ],
        "line": 28
      },
      "5": {
        "loc": { "start": { "line": 33, "column": 13 }, "end": { "line": 33, "column": 56 } },
        "type": "cond-expr",
        "locations": [
          { "start": { "line": 33, "column": 41 }, "end": { "line": 33, "column": 49 } },
          { "start": { "line": 33, "column": 52 }, "end": { "line": 33, "column": 56 } }
        ],
        "line": 33
      },
      "6": {
        "loc": { "start": { "line": 46, "column": 37 }, "end": { "line": 46, "column": 49 } },
        "type": "default-arg",
        "locations": [{ "start": { "line": 46, "column": 47 }, "end": { "line": 46, "column": 49 } }],
        "line": 46
      },
      "7": {
        "loc": { "start": { "line": 48, "column": 30 }, "end": { "line": 48, "column": 63 } },
        "type": "binary-expr",
        "locations": [
          { "start": { "line": 48, "column": 30 }, "end": { "line": 48, "column": 38 } },
          { "start": { "line": 48, "column": 42 }, "end": { "line": 48, "column": 63 } }
        ],
        "line": 48
      },
      "8": {
        "loc": { "start": { "line": 54, "column": 4 }, "end": { "line": 65, "column": 5 } },
        "type": "if",
        "locations": [
          { "start": { "line": 54, "column": 4 }, "end": { "line": 65, "column": 5 } },
          { "start": {}, "end": {} }
        ],
        "line": 54
      },
      "9": {
        "loc": { "start": { "line": 54, "column": 8 }, "end": { "line": 54, "column": 56 } },
        "type": "binary-expr",
        "locations": [
          { "start": { "line": 54, "column": 8 }, "end": { "line": 54, "column": 14 } },
          { "start": { "line": 54, "column": 18 }, "end": { "line": 54, "column": 56 } }
        ],
        "line": 54
      },
      "10": {
        "loc": { "start": { "line": 63, "column": 17 }, "end": { "line": 63, "column": 39 } },
        "type": "binary-expr",
        "locations": [
          { "start": { "line": 63, "column": 17 }, "end": { "line": 63, "column": 31 } },
          { "start": { "line": 63, "column": 35 }, "end": { "line": 63, "column": 39 } }
        ],
        "line": 63
      },
      "11": {
        "loc": { "start": { "line": 68, "column": 4 }, "end": { "line": 71, "column": 5 } },
        "type": "if",
        "locations": [
          { "start": { "line": 68, "column": 4 }, "end": { "line": 71, "column": 5 } },
          { "start": {}, "end": {} }
        ],
        "line": 68
      },
      "12": {
        "loc": { "start": { "line": 92, "column": 4 }, "end": { "line": 125, "column": 5 } },
        "type": "if",
        "locations": [
          { "start": { "line": 92, "column": 4 }, "end": { "line": 125, "column": 5 } },
          { "start": {}, "end": {} }
        ],
        "line": 92
      },
      "13": {
        "loc": { "start": { "line": 92, "column": 8 }, "end": { "line": 92, "column": 54 } },
        "type": "binary-expr",
        "locations": [
          { "start": { "line": 92, "column": 8 }, "end": { "line": 92, "column": 14 } },
          { "start": { "line": 92, "column": 18 }, "end": { "line": 92, "column": 37 } },
          { "start": { "line": 92, "column": 41 }, "end": { "line": 92, "column": 54 } }
        ],
        "line": 92
      },
      "14": {
        "loc": { "start": { "line": 119, "column": 19 }, "end": { "line": 119, "column": 41 } },
        "type": "binary-expr",
        "locations": [
          { "start": { "line": 119, "column": 19 }, "end": { "line": 119, "column": 33 } },
          { "start": { "line": 119, "column": 37 }, "end": { "line": 119, "column": 41 } }
        ],
        "line": 119
      },
      "15": {
        "loc": { "start": { "line": 178, "column": 54 }, "end": { "line": 178, "column": 66 } },
        "type": "default-arg",
        "locations": [{ "start": { "line": 178, "column": 64 }, "end": { "line": 178, "column": 66 } }],
        "line": 178
      },
      "16": {
        "loc": { "start": { "line": 180, "column": 30 }, "end": { "line": 180, "column": 106 } },
        "type": "binary-expr",
        "locations": [
          { "start": { "line": 180, "column": 30 }, "end": { "line": 180, "column": 38 } },
          { "start": { "line": 180, "column": 42 }, "end": { "line": 180, "column": 106 } }
        ],
        "line": 180
      },
      "17": {
        "loc": { "start": { "line": 180, "column": 50 }, "end": { "line": 180, "column": 71 } },
        "type": "binary-expr",
        "locations": [
          { "start": { "line": 180, "column": 50 }, "end": { "line": 180, "column": 58 } },
          { "start": { "line": 180, "column": 62 }, "end": { "line": 180, "column": 71 } }
        ],
        "line": 180
      },
      "18": {
        "loc": { "start": { "line": 180, "column": 75 }, "end": { "line": 180, "column": 104 } },
        "type": "binary-expr",
        "locations": [
          { "start": { "line": 180, "column": 75 }, "end": { "line": 180, "column": 81 } },
          { "start": { "line": 180, "column": 85 }, "end": { "line": 180, "column": 91 } },
          { "start": { "line": 180, "column": 95 }, "end": { "line": 180, "column": 104 } }
        ],
        "line": 180
      },
      "19": {
        "loc": { "start": { "line": 186, "column": 4 }, "end": { "line": 195, "column": 5 } },
        "type": "if",
        "locations": [
          { "start": { "line": 186, "column": 4 }, "end": { "line": 195, "column": 5 } },
          { "start": {}, "end": {} }
        ],
        "line": 186
      },
      "20": {
        "loc": { "start": { "line": 186, "column": 8 }, "end": { "line": 186, "column": 56 } },
        "type": "binary-expr",
        "locations": [
          { "start": { "line": 186, "column": 8 }, "end": { "line": 186, "column": 14 } },
          { "start": { "line": 186, "column": 18 }, "end": { "line": 186, "column": 56 } }
        ],
        "line": 186
      },
      "21": {
        "loc": { "start": { "line": 198, "column": 4 }, "end": { "line": 201, "column": 5 } },
        "type": "if",
        "locations": [
          { "start": { "line": 198, "column": 4 }, "end": { "line": 201, "column": 5 } },
          { "start": {}, "end": {} }
        ],
        "line": 198
      },
      "22": {
        "loc": { "start": { "line": 226, "column": 4 }, "end": { "line": 276, "column": 5 } },
        "type": "if",
        "locations": [
          { "start": { "line": 226, "column": 4 }, "end": { "line": 276, "column": 5 } },
          { "start": {}, "end": {} }
        ],
        "line": 226
      },
      "23": {
        "loc": { "start": { "line": 226, "column": 8 }, "end": { "line": 226, "column": 68 } },
        "type": "binary-expr",
        "locations": [
          { "start": { "line": 226, "column": 8 }, "end": { "line": 226, "column": 19 } },
          { "start": { "line": 226, "column": 23 }, "end": { "line": 226, "column": 40 } },
          { "start": { "line": 226, "column": 44 }, "end": { "line": 226, "column": 68 } }
        ],
        "line": 226
      },
      "24": {
        "loc": { "start": { "line": 229, "column": 6 }, "end": { "line": 247, "column": 7 } },
        "type": "if",
        "locations": [
          { "start": { "line": 229, "column": 6 }, "end": { "line": 247, "column": 7 } },
          { "start": {}, "end": {} }
        ],
        "line": 229
      },
      "25": {
        "loc": { "start": { "line": 229, "column": 10 }, "end": { "line": 229, "column": 56 } },
        "type": "binary-expr",
        "locations": [
          { "start": { "line": 229, "column": 10 }, "end": { "line": 229, "column": 28 } },
          { "start": { "line": 229, "column": 32 }, "end": { "line": 229, "column": 56 } }
        ],
        "line": 229
      },
      "26": {
        "loc": { "start": { "line": 240, "column": 10 }, "end": { "line": 243, "column": 11 } },
        "type": "if",
        "locations": [
          { "start": { "line": 240, "column": 10 }, "end": { "line": 243, "column": 11 } },
          { "start": {}, "end": {} }
        ],
        "line": 240
      },
      "27": {
        "loc": { "start": { "line": 249, "column": 6 }, "end": { "line": 275, "column": 7 } },
        "type": "if",
        "locations": [
          { "start": { "line": 249, "column": 6 }, "end": { "line": 275, "column": 7 } },
          { "start": {}, "end": {} }
        ],
        "line": 249
      },
      "28": {
        "loc": { "start": { "line": 253, "column": 25 }, "end": { "line": 255, "column": 111 } },
        "type": "cond-expr",
        "locations": [
          { "start": { "line": 254, "column": 12 }, "end": { "line": 254, "column": 116 } },
          { "start": { "line": 255, "column": 12 }, "end": { "line": 255, "column": 111 } }
        ],
        "line": 253
      },
      "29": {
        "loc": { "start": { "line": 255, "column": 37 }, "end": { "line": 255, "column": 65 } },
        "type": "binary-expr",
        "locations": [
          { "start": { "line": 255, "column": 37 }, "end": { "line": 255, "column": 43 } },
          { "start": { "line": 255, "column": 47 }, "end": { "line": 255, "column": 65 } }
        ],
        "line": 255
      },
      "30": {
        "loc": { "start": { "line": 258, "column": 25 }, "end": { "line": 258, "column": 91 } },
        "type": "binary-expr",
        "locations": [
          { "start": { "line": 258, "column": 25 }, "end": { "line": 258, "column": 45 } },
          { "start": { "line": 258, "column": 49 }, "end": { "line": 258, "column": 83 } },
          { "start": { "line": 258, "column": 87 }, "end": { "line": 258, "column": 91 } }
        ],
        "line": 258
      },
      "31": {
        "loc": { "start": { "line": 279, "column": 4 }, "end": { "line": 327, "column": 5 } },
        "type": "if",
        "locations": [
          { "start": { "line": 279, "column": 4 }, "end": { "line": 327, "column": 5 } },
          { "start": {}, "end": {} }
        ],
        "line": 279
      },
      "32": {
        "loc": { "start": { "line": 279, "column": 8 }, "end": { "line": 279, "column": 70 } },
        "type": "binary-expr",
        "locations": [
          { "start": { "line": 279, "column": 8 }, "end": { "line": 279, "column": 19 } },
          { "start": { "line": 279, "column": 23 }, "end": { "line": 279, "column": 70 } }
        ],
        "line": 279
      },
      "33": {
        "loc": { "start": { "line": 281, "column": 6 }, "end": { "line": 283, "column": 7 } },
        "type": "if",
        "locations": [
          { "start": { "line": 281, "column": 6 }, "end": { "line": 283, "column": 7 } },
          { "start": {}, "end": {} }
        ],
        "line": 281
      },
      "34": {
        "loc": { "start": { "line": 286, "column": 6 }, "end": { "line": 292, "column": 7 } },
        "type": "if",
        "locations": [
          { "start": { "line": 286, "column": 6 }, "end": { "line": 292, "column": 7 } },
          { "start": {}, "end": {} }
        ],
        "line": 286
      },
      "35": {
        "loc": { "start": { "line": 295, "column": 6 }, "end": { "line": 301, "column": 7 } },
        "type": "if",
        "locations": [
          { "start": { "line": 295, "column": 6 }, "end": { "line": 301, "column": 7 } },
          { "start": {}, "end": {} }
        ],
        "line": 295
      },
      "36": {
        "loc": { "start": { "line": 308, "column": 23 }, "end": { "line": 308, "column": 56 } },
        "type": "binary-expr",
        "locations": [
          { "start": { "line": 308, "column": 23 }, "end": { "line": 308, "column": 48 } },
          { "start": { "line": 308, "column": 52 }, "end": { "line": 308, "column": 56 } }
        ],
        "line": 308
      },
      "37": {
        "loc": { "start": { "line": 330, "column": 4 }, "end": { "line": 332, "column": 5 } },
        "type": "if",
        "locations": [
          { "start": { "line": 330, "column": 4 }, "end": { "line": 332, "column": 5 } },
          { "start": {}, "end": {} }
        ],
        "line": 330
      },
      "38": {
        "loc": { "start": { "line": 344, "column": 6 }, "end": { "line": 346, "column": 7 } },
        "type": "if",
        "locations": [
          { "start": { "line": 344, "column": 6 }, "end": { "line": 346, "column": 7 } },
          { "start": {}, "end": {} }
        ],
        "line": 344
      },
      "39": {
        "loc": { "start": { "line": 356, "column": 23 }, "end": { "line": 356, "column": 56 } },
        "type": "binary-expr",
        "locations": [
          { "start": { "line": 356, "column": 23 }, "end": { "line": 356, "column": 48 } },
          { "start": { "line": 356, "column": 52 }, "end": { "line": 356, "column": 56 } }
        ],
        "line": 356
      },
      "40": {
        "loc": { "start": { "line": 389, "column": 4 }, "end": { "line": 392, "column": 5 } },
        "type": "if",
        "locations": [
          { "start": { "line": 389, "column": 4 }, "end": { "line": 392, "column": 5 } },
          { "start": {}, "end": {} }
        ],
        "line": 389
      },
      "41": {
        "loc": { "start": { "line": 393, "column": 4 }, "end": { "line": 397, "column": 5 } },
        "type": "if",
        "locations": [
          { "start": { "line": 393, "column": 4 }, "end": { "line": 397, "column": 5 } },
          { "start": {}, "end": {} }
        ],
        "line": 393
      },
      "42": {
        "loc": { "start": { "line": 411, "column": 4 }, "end": { "line": 411, "column": 30 } },
        "type": "if",
        "locations": [
          { "start": { "line": 411, "column": 4 }, "end": { "line": 411, "column": 30 } },
          { "start": {}, "end": {} }
        ],
        "line": 411
      },
      "43": {
        "loc": { "start": { "line": 414, "column": 16 }, "end": { "line": 414, "column": 38 } },
        "type": "binary-expr",
        "locations": [
          { "start": { "line": 414, "column": 16 }, "end": { "line": 414, "column": 32 } },
          { "start": { "line": 414, "column": 36 }, "end": { "line": 414, "column": 38 } }
        ],
        "line": 414
      },
      "44": {
        "loc": { "start": { "line": 415, "column": 25 }, "end": { "line": 420, "column": 14 } },
        "type": "cond-expr",
        "locations": [
          { "start": { "line": 416, "column": 10 }, "end": { "line": 419, "column": 11 } },
          { "start": { "line": 420, "column": 10 }, "end": { "line": 420, "column": 14 } }
        ],
        "line": 415
      },
      "45": {
        "loc": { "start": { "line": 418, "column": 22 }, "end": { "line": 418, "column": 64 } },
        "type": "binary-expr",
        "locations": [
          { "start": { "line": 418, "column": 22 }, "end": { "line": 418, "column": 56 } },
          { "start": { "line": 418, "column": 60 }, "end": { "line": 418, "column": 64 } }
        ],
        "line": 418
      },
      "46": {
        "loc": { "start": { "line": 421, "column": 12 }, "end": { "line": 425, "column": 14 } },
        "type": "cond-expr",
        "locations": [
          { "start": { "line": 422, "column": 10 }, "end": { "line": 424, "column": 11 } },
          { "start": { "line": 425, "column": 10 }, "end": { "line": 425, "column": 14 } }
        ],
        "line": 421
      },
      "47": {
        "loc": { "start": { "line": 426, "column": 14 }, "end": { "line": 430, "column": 14 } },
        "type": "cond-expr",
        "locations": [
          { "start": { "line": 427, "column": 10 }, "end": { "line": 429, "column": 11 } },
          { "start": { "line": 430, "column": 10 }, "end": { "line": 430, "column": 14 } }
        ],
        "line": 426
      },
      "48": {
        "loc": { "start": { "line": 446, "column": 6 }, "end": { "line": 448, "column": 7 } },
        "type": "if",
        "locations": [
          { "start": { "line": 446, "column": 6 }, "end": { "line": 448, "column": 7 } },
          { "start": {}, "end": {} }
        ],
        "line": 446
      },
      "49": {
        "loc": { "start": { "line": 455, "column": 6 }, "end": { "line": 459, "column": 7 } },
        "type": "if",
        "locations": [
          { "start": { "line": 455, "column": 6 }, "end": { "line": 459, "column": 7 } },
          { "start": {}, "end": {} }
        ],
        "line": 455
      },
      "50": {
        "loc": { "start": { "line": 455, "column": 10 }, "end": { "line": 455, "column": 56 } },
        "type": "binary-expr",
        "locations": [
          { "start": { "line": 455, "column": 10 }, "end": { "line": 455, "column": 36 } },
          { "start": { "line": 455, "column": 40 }, "end": { "line": 455, "column": 56 } }
        ],
        "line": 455
      },
      "51": {
        "loc": { "start": { "line": 473, "column": 34 }, "end": { "line": 473, "column": 51 } },
        "type": "default-arg",
        "locations": [{ "start": { "line": 473, "column": 49 }, "end": { "line": 473, "column": 51 } }],
        "line": 473
      },
      "52": {
        "loc": { "start": { "line": 474, "column": 17 }, "end": { "line": 474, "column": 63 } },
        "type": "binary-expr",
        "locations": [
          { "start": { "line": 474, "column": 17 }, "end": { "line": 474, "column": 31 } },
          { "start": { "line": 474, "column": 35 }, "end": { "line": 474, "column": 55 } },
          { "start": { "line": 474, "column": 59 }, "end": { "line": 474, "column": 63 } }
        ],
        "line": 474
      },
      "53": {
        "loc": { "start": { "line": 475, "column": 17 }, "end": { "line": 475, "column": 63 } },
        "type": "binary-expr",
        "locations": [
          { "start": { "line": 475, "column": 17 }, "end": { "line": 475, "column": 31 } },
          { "start": { "line": 475, "column": 35 }, "end": { "line": 475, "column": 55 } },
          { "start": { "line": 475, "column": 59 }, "end": { "line": 475, "column": 63 } }
        ],
        "line": 475
      },
      "54": {
        "loc": { "start": { "line": 477, "column": 4 }, "end": { "line": 485, "column": 5 } },
        "type": "if",
        "locations": [
          { "start": { "line": 477, "column": 4 }, "end": { "line": 485, "column": 5 } },
          { "start": {}, "end": {} }
        ],
        "line": 477
      },
      "55": {
        "loc": { "start": { "line": 477, "column": 8 }, "end": { "line": 477, "column": 46 } },
        "type": "binary-expr",
        "locations": [
          { "start": { "line": 477, "column": 9 }, "end": { "line": 477, "column": 16 } },
          { "start": { "line": 477, "column": 20 }, "end": { "line": 477, "column": 27 } },
          { "start": { "line": 477, "column": 32 }, "end": { "line": 477, "column": 46 } }
        ],
        "line": 477
      },
      "56": {
        "loc": { "start": { "line": 480, "column": 17 }, "end": { "line": 480, "column": 59 } },
        "type": "binary-expr",
        "locations": [
          { "start": { "line": 480, "column": 17 }, "end": { "line": 480, "column": 23 } },
          { "start": { "line": 480, "column": 27 }, "end": { "line": 480, "column": 59 } }
        ],
        "line": 480
      },
      "57": {
        "loc": { "start": { "line": 481, "column": 17 }, "end": { "line": 481, "column": 56 } },
        "type": "binary-expr",
        "locations": [
          { "start": { "line": 481, "column": 17 }, "end": { "line": 481, "column": 23 } },
          { "start": { "line": 481, "column": 27 }, "end": { "line": 481, "column": 56 } }
        ],
        "line": 481
      },
      "58": {
        "loc": { "start": { "line": 488, "column": 4 }, "end": { "line": 494, "column": 5 } },
        "type": "if",
        "locations": [
          { "start": { "line": 488, "column": 4 }, "end": { "line": 494, "column": 5 } },
          { "start": {}, "end": {} }
        ],
        "line": 488
      },
      "59": {
        "loc": { "start": { "line": 488, "column": 8 }, "end": { "line": 488, "column": 43 } },
        "type": "binary-expr",
        "locations": [
          { "start": { "line": 488, "column": 8 }, "end": { "line": 488, "column": 14 } },
          { "start": { "line": 488, "column": 18 }, "end": { "line": 488, "column": 43 } }
        ],
        "line": 488
      },
      "60": {
        "loc": { "start": { "line": 510, "column": 71 }, "end": { "line": 510, "column": 89 } },
        "type": "default-arg",
        "locations": [{ "start": { "line": 510, "column": 85 }, "end": { "line": 510, "column": 89 } }],
        "line": 510
      },
      "61": {
        "loc": { "start": { "line": 510, "column": 91 }, "end": { "line": 510, "column": 105 } },
        "type": "default-arg",
        "locations": [{ "start": { "line": 510, "column": 101 }, "end": { "line": 510, "column": 105 } }],
        "line": 510
      },
      "62": {
        "loc": { "start": { "line": 513, "column": 38 }, "end": { "line": 513, "column": 110 } },
        "type": "binary-expr",
        "locations": [
          { "start": { "line": 513, "column": 38 }, "end": { "line": 513, "column": 54 } },
          { "start": { "line": 513, "column": 58 }, "end": { "line": 513, "column": 74 } },
          { "start": { "line": 513, "column": 78 }, "end": { "line": 513, "column": 92 } },
          { "start": { "line": 513, "column": 96 }, "end": { "line": 513, "column": 110 } }
        ],
        "line": 513
      },
      "63": {
        "loc": { "start": { "line": 514, "column": 31 }, "end": { "line": 514, "column": 122 } },
        "type": "binary-expr",
        "locations": [
          { "start": { "line": 514, "column": 31 }, "end": { "line": 514, "column": 48 } },
          { "start": { "line": 514, "column": 52 }, "end": { "line": 514, "column": 94 } },
          { "start": { "line": 514, "column": 98 }, "end": { "line": 514, "column": 122 } }
        ],
        "line": 514
      },
      "64": {
        "loc": { "start": { "line": 515, "column": 39 }, "end": { "line": 515, "column": 129 } },
        "type": "binary-expr",
        "locations": [
          { "start": { "line": 515, "column": 39 }, "end": { "line": 515, "column": 56 } },
          { "start": { "line": 515, "column": 60 }, "end": { "line": 515, "column": 102 } },
          { "start": { "line": 515, "column": 106 }, "end": { "line": 515, "column": 129 } }
        ],
        "line": 515
      },
      "65": {
        "loc": { "start": { "line": 516, "column": 28 }, "end": { "line": 516, "column": 81 } },
        "type": "cond-expr",
        "locations": [
          { "start": { "line": 516, "column": 49 }, "end": { "line": 516, "column": 74 } },
          { "start": { "line": 516, "column": 77 }, "end": { "line": 516, "column": 81 } }
        ],
        "line": 516
      },
      "66": {
        "loc": { "start": { "line": 517, "column": 35 }, "end": { "line": 517, "column": 83 } },
        "type": "binary-expr",
        "locations": [
          { "start": { "line": 517, "column": 35 }, "end": { "line": 517, "column": 57 } },
          { "start": { "line": 517, "column": 61 }, "end": { "line": 517, "column": 83 } }
        ],
        "line": 517
      },
      "67": {
        "loc": { "start": { "line": 521, "column": 26 }, "end": { "line": 521, "column": 77 } },
        "type": "binary-expr",
        "locations": [
          { "start": { "line": 521, "column": 26 }, "end": { "line": 521, "column": 37 } },
          { "start": { "line": 521, "column": 41 }, "end": { "line": 521, "column": 59 } },
          { "start": { "line": 521, "column": 63 }, "end": { "line": 521, "column": 77 } }
        ],
        "line": 521
      },
      "68": {
        "loc": { "start": { "line": 531, "column": 4 }, "end": { "line": 533, "column": 5 } },
        "type": "if",
        "locations": [
          { "start": { "line": 531, "column": 4 }, "end": { "line": 533, "column": 5 } },
          { "start": {}, "end": {} }
        ],
        "line": 531
      },
      "69": {
        "loc": { "start": { "line": 534, "column": 4 }, "end": { "line": 537, "column": 5 } },
        "type": "if",
        "locations": [
          { "start": { "line": 534, "column": 4 }, "end": { "line": 537, "column": 5 } },
          { "start": {}, "end": {} }
        ],
        "line": 534
      },
      "70": {
        "loc": { "start": { "line": 534, "column": 8 }, "end": { "line": 534, "column": 57 } },
        "type": "binary-expr",
        "locations": [
          { "start": { "line": 534, "column": 8 }, "end": { "line": 534, "column": 27 } },
          { "start": { "line": 534, "column": 31 }, "end": { "line": 534, "column": 57 } }
        ],
        "line": 534
      },
      "71": {
        "loc": { "start": { "line": 538, "column": 4 }, "end": { "line": 565, "column": 5 } },
        "type": "if",
        "locations": [
          { "start": { "line": 538, "column": 4 }, "end": { "line": 565, "column": 5 } },
          { "start": {}, "end": {} }
        ],
        "line": 538
      },
      "72": {
        "loc": { "start": { "line": 538, "column": 8 }, "end": { "line": 538, "column": 42 } },
        "type": "binary-expr",
        "locations": [
          { "start": { "line": 538, "column": 8 }, "end": { "line": 538, "column": 27 } },
          { "start": { "line": 538, "column": 31 }, "end": { "line": 538, "column": 42 } }
        ],
        "line": 538
      },
      "73": {
        "loc": { "start": { "line": 540, "column": 6 }, "end": { "line": 564, "column": 7 } },
        "type": "if",
        "locations": [
          { "start": { "line": 540, "column": 6 }, "end": { "line": 564, "column": 7 } },
          { "start": { "line": 556, "column": 13 }, "end": { "line": 564, "column": 7 } }
        ],
        "line": 540
      },
      "74": {
        "loc": { "start": { "line": 540, "column": 10 }, "end": { "line": 540, "column": 90 } },
        "type": "binary-expr",
        "locations": [
          { "start": { "line": 540, "column": 10 }, "end": { "line": 540, "column": 23 } },
          { "start": { "line": 540, "column": 27 }, "end": { "line": 540, "column": 50 } },
          { "start": { "line": 540, "column": 54 }, "end": { "line": 540, "column": 90 } }
        ],
        "line": 540
      },
      "75": {
        "loc": { "start": { "line": 543, "column": 8 }, "end": { "line": 555, "column": 9 } },
        "type": "if",
        "locations": [
          { "start": { "line": 543, "column": 8 }, "end": { "line": 555, "column": 9 } },
          { "start": { "line": 553, "column": 15 }, "end": { "line": 555, "column": 9 } }
        ],
        "line": 543
      },
      "76": {
        "loc": { "start": { "line": 546, "column": 12 }, "end": { "line": 547, "column": 23 } },
        "type": "binary-expr",
        "locations": [
          { "start": { "line": 546, "column": 12 }, "end": { "line": 546, "column": 126 } },
          { "start": { "line": 547, "column": 12 }, "end": { "line": 547, "column": 23 } }
        ],
        "line": 546
      },
      "77": {
        "loc": { "start": { "line": 546, "column": 33 }, "end": { "line": 546, "column": 125 } },
        "type": "binary-expr",
        "locations": [
          { "start": { "line": 546, "column": 33 }, "end": { "line": 546, "column": 46 } },
          { "start": { "line": 546, "column": 51 }, "end": { "line": 546, "column": 89 } },
          { "start": { "line": 546, "column": 93 }, "end": { "line": 546, "column": 124 } }
        ],
        "line": 546
      },
      "78": {
        "loc": { "start": { "line": 548, "column": 38 }, "end": { "line": 548, "column": 104 } },
        "type": "binary-expr",
        "locations": [
          { "start": { "line": 548, "column": 38 }, "end": { "line": 548, "column": 53 } },
          { "start": { "line": 548, "column": 57 }, "end": { "line": 548, "column": 79 } },
          { "start": { "line": 548, "column": 83 }, "end": { "line": 548, "column": 104 } }
        ],
        "line": 548
      },
      "79": {
        "loc": { "start": { "line": 551, "column": 117 }, "end": { "line": 551, "column": 162 } },
        "type": "binary-expr",
        "locations": [
          { "start": { "line": 551, "column": 117 }, "end": { "line": 551, "column": 141 } },
          { "start": { "line": 551, "column": 145 }, "end": { "line": 551, "column": 162 } }
        ],
        "line": 551
      },
      "80": {
        "loc": { "start": { "line": 551, "column": 166 }, "end": { "line": 551, "column": 237 } },
        "type": "cond-expr",
        "locations": [
          { "start": { "line": 551, "column": 182 }, "end": { "line": 551, "column": 218 } },
          { "start": { "line": 551, "column": 221 }, "end": { "line": 551, "column": 237 } }
        ],
        "line": 551
      },
      "81": {
        "loc": { "start": { "line": 556, "column": 13 }, "end": { "line": 564, "column": 7 } },
        "type": "if",
        "locations": [
          { "start": { "line": 556, "column": 13 }, "end": { "line": 564, "column": 7 } },
          { "start": { "line": 561, "column": 13 }, "end": { "line": 564, "column": 7 } }
        ],
        "line": 556
      },
      "82": {
        "loc": { "start": { "line": 559, "column": 26 }, "end": { "line": 559, "column": 71 } },
        "type": "cond-expr",
        "locations": [
          { "start": { "line": 559, "column": 39 }, "end": { "line": 559, "column": 48 } },
          { "start": { "line": 559, "column": 51 }, "end": { "line": 559, "column": 71 } }
        ],
        "line": 559
      },
      "83": {
        "loc": { "start": { "line": 566, "column": 4 }, "end": { "line": 572, "column": 5 } },
        "type": "if",
        "locations": [
          { "start": { "line": 566, "column": 4 }, "end": { "line": 572, "column": 5 } },
          { "start": {}, "end": {} }
        ],
        "line": 566
      },
      "84": {
        "loc": { "start": { "line": 566, "column": 8 }, "end": { "line": 566, "column": 42 } },
        "type": "binary-expr",
        "locations": [
          { "start": { "line": 566, "column": 8 }, "end": { "line": 566, "column": 27 } },
          { "start": { "line": 566, "column": 31 }, "end": { "line": 566, "column": 42 } }
        ],
        "line": 566
      },
      "85": {
        "loc": { "start": { "line": 568, "column": 6 }, "end": { "line": 571, "column": 7 } },
        "type": "if",
        "locations": [
          { "start": { "line": 568, "column": 6 }, "end": { "line": 571, "column": 7 } },
          { "start": {}, "end": {} }
        ],
        "line": 568
      },
      "86": {
        "loc": { "start": { "line": 574, "column": 4 }, "end": { "line": 583, "column": 5 } },
        "type": "if",
        "locations": [
          { "start": { "line": 574, "column": 4 }, "end": { "line": 583, "column": 5 } },
          { "start": {}, "end": {} }
        ],
        "line": 574
      },
      "87": {
        "loc": { "start": { "line": 574, "column": 8 }, "end": { "line": 574, "column": 38 } },
        "type": "binary-expr",
        "locations": [
          { "start": { "line": 574, "column": 8 }, "end": { "line": 574, "column": 18 } },
          { "start": { "line": 574, "column": 22 }, "end": { "line": 574, "column": 28 } },
          { "start": { "line": 574, "column": 32 }, "end": { "line": 574, "column": 38 } }
        ],
        "line": 574
      },
      "88": {
        "loc": { "start": { "line": 581, "column": 19 }, "end": { "line": 581, "column": 45 } },
        "type": "binary-expr",
        "locations": [
          { "start": { "line": 581, "column": 19 }, "end": { "line": 581, "column": 37 } },
          { "start": { "line": 581, "column": 41 }, "end": { "line": 581, "column": 45 } }
        ],
        "line": 581
      },
      "89": {
        "loc": { "start": { "line": 585, "column": 4 }, "end": { "line": 594, "column": 5 } },
        "type": "if",
        "locations": [
          { "start": { "line": 585, "column": 4 }, "end": { "line": 594, "column": 5 } },
          { "start": {}, "end": {} }
        ],
        "line": 585
      },
      "90": {
        "loc": { "start": { "line": 585, "column": 8 }, "end": { "line": 585, "column": 68 } },
        "type": "binary-expr",
        "locations": [
          { "start": { "line": 585, "column": 8 }, "end": { "line": 585, "column": 19 } },
          { "start": { "line": 585, "column": 23 }, "end": { "line": 585, "column": 37 } },
          { "start": { "line": 585, "column": 41 }, "end": { "line": 585, "column": 68 } }
        ],
        "line": 585
      },
      "91": {
        "loc": { "start": { "line": 588, "column": 16 }, "end": { "line": 588, "column": 45 } },
        "type": "binary-expr",
        "locations": [
          { "start": { "line": 588, "column": 16 }, "end": { "line": 588, "column": 22 } },
          { "start": { "line": 588, "column": 26 }, "end": { "line": 588, "column": 45 } }
        ],
        "line": 588
      },
      "92": {
        "loc": { "start": { "line": 589, "column": 16 }, "end": { "line": 589, "column": 63 } },
        "type": "binary-expr",
        "locations": [
          { "start": { "line": 589, "column": 16 }, "end": { "line": 589, "column": 22 } },
          { "start": { "line": 589, "column": 26 }, "end": { "line": 589, "column": 45 } },
          { "start": { "line": 589, "column": 49 }, "end": { "line": 589, "column": 63 } }
        ],
        "line": 589
      },
      "93": {
        "loc": { "start": { "line": 605, "column": 4 }, "end": { "line": 605, "column": 86 } },
        "type": "if",
        "locations": [
          { "start": { "line": 605, "column": 4 }, "end": { "line": 605, "column": 86 } },
          { "start": {}, "end": {} }
        ],
        "line": 605
      },
      "94": {
        "loc": { "start": { "line": 605, "column": 8 }, "end": { "line": 605, "column": 74 } },
        "type": "binary-expr",
        "locations": [
          { "start": { "line": 605, "column": 8 }, "end": { "line": 605, "column": 16 } },
          { "start": { "line": 605, "column": 20 }, "end": { "line": 605, "column": 33 } },
          { "start": { "line": 605, "column": 37 }, "end": { "line": 605, "column": 74 } }
        ],
        "line": 605
      },
      "95": {
        "loc": { "start": { "line": 609, "column": 25 }, "end": { "line": 609, "column": 64 } },
        "type": "binary-expr",
        "locations": [
          { "start": { "line": 609, "column": 25 }, "end": { "line": 609, "column": 31 } },
          { "start": { "line": 609, "column": 35 }, "end": { "line": 609, "column": 48 } },
          { "start": { "line": 609, "column": 52 }, "end": { "line": 609, "column": 64 } }
        ],
        "line": 609
      },
      "96": {
        "loc": { "start": { "line": 610, "column": 6 }, "end": { "line": 610, "column": 40 } },
        "type": "if",
        "locations": [
          { "start": { "line": 610, "column": 6 }, "end": { "line": 610, "column": 40 } },
          { "start": {}, "end": {} }
        ],
        "line": 610
      },
      "97": {
        "loc": { "start": { "line": 612, "column": 20 }, "end": { "line": 612, "column": 71 } },
        "type": "binary-expr",
        "locations": [
          { "start": { "line": 612, "column": 20 }, "end": { "line": 612, "column": 35 } },
          { "start": { "line": 612, "column": 39 }, "end": { "line": 612, "column": 47 } },
          { "start": { "line": 612, "column": 51 }, "end": { "line": 612, "column": 71 } }
        ],
        "line": 612
      },
      "98": {
        "loc": { "start": { "line": 616, "column": 18 }, "end": { "line": 616, "column": 38 } },
        "type": "binary-expr",
        "locations": [
          { "start": { "line": 616, "column": 18 }, "end": { "line": 616, "column": 30 } },
          { "start": { "line": 616, "column": 34 }, "end": { "line": 616, "column": 38 } }
        ],
        "line": 616
      },
      "99": {
        "loc": { "start": { "line": 627, "column": 13 }, "end": { "line": 627, "column": 28 } },
        "type": "default-arg",
        "locations": [{ "start": { "line": 627, "column": 24 }, "end": { "line": 627, "column": 28 } }],
        "line": 627
      },
      "100": {
        "loc": { "start": { "line": 628, "column": 4 }, "end": { "line": 632, "column": 5 } },
        "type": "if",
        "locations": [
          { "start": { "line": 628, "column": 4 }, "end": { "line": 632, "column": 5 } },
          { "start": { "line": 630, "column": 11 }, "end": { "line": 632, "column": 5 } }
        ],
        "line": 628
      }
    },
    "s": {
      "0": 1,
      "1": 1,
      "2": 1,
      "3": 3,
      "4": 3,
      "5": 3,
      "6": 3,
      "7": 1,
      "8": 0,
      "9": 1,
      "10": 1,
      "11": 1,
      "12": 1,
      "13": 0,
      "14": 0,
      "15": 0,
      "16": 0,
      "17": 0,
      "18": 0,
      "19": 0,
      "20": 0,
      "21": 0,
      "22": 0,
      "23": 0,
      "24": 0,
      "25": 0,
      "26": 0,
      "27": 0,
      "28": 0,
      "29": 0,
      "30": 0,
      "31": 0,
      "32": 0,
      "33": 0,
      "34": 0,
      "35": 0,
      "36": 0,
      "37": 0,
      "38": 0,
      "39": 0,
      "40": 0,
      "41": 0,
      "42": 0,
      "43": 0,
      "44": 0,
      "45": 0,
      "46": 0,
      "47": 0,
      "48": 0,
      "49": 0,
      "50": 0,
      "51": 0,
      "52": 0,
      "53": 0,
      "54": 0,
      "55": 0,
      "56": 0,
      "57": 0,
      "58": 0,
      "59": 0,
      "60": 0,
      "61": 0,
      "62": 0,
      "63": 0,
      "64": 0,
      "65": 0,
      "66": 0,
      "67": 0,
      "68": 0,
      "69": 0,
      "70": 0,
      "71": 0,
      "72": 0,
      "73": 0,
      "74": 0,
      "75": 0,
      "76": 0,
      "77": 0,
      "78": 0,
      "79": 0,
      "80": 0,
      "81": 0,
      "82": 0,
      "83": 0,
      "84": 0,
      "85": 0,
      "86": 0,
      "87": 0,
      "88": 0,
      "89": 0,
      "90": 0,
      "91": 0,
      "92": 0,
      "93": 0,
      "94": 0,
      "95": 0,
      "96": 0,
      "97": 0,
      "98": 0,
      "99": 0,
      "100": 0,
      "101": 0,
      "102": 0,
      "103": 0,
      "104": 0,
      "105": 0,
      "106": 0,
      "107": 0,
      "108": 0,
      "109": 0,
      "110": 0,
      "111": 0,
      "112": 0,
      "113": 0,
      "114": 0,
      "115": 0,
      "116": 0,
      "117": 0,
      "118": 0,
      "119": 0,
      "120": 0,
      "121": 0,
      "122": 0,
      "123": 0,
      "124": 0,
      "125": 0,
      "126": 0,
      "127": 0,
      "128": 0,
      "129": 0,
      "130": 0,
      "131": 0,
      "132": 0,
      "133": 0,
      "134": 0,
      "135": 0,
      "136": 0,
      "137": 0,
      "138": 0,
      "139": 0,
      "140": 0,
      "141": 0,
      "142": 0,
      "143": 0,
      "144": 0,
      "145": 0,
      "146": 0,
      "147": 0,
      "148": 0,
      "149": 0,
      "150": 0,
      "151": 0,
      "152": 0,
      "153": 0,
      "154": 0,
      "155": 0,
      "156": 0,
      "157": 0,
      "158": 0,
      "159": 0,
      "160": 0,
      "161": 0,
      "162": 0,
      "163": 0,
      "164": 0,
      "165": 0,
      "166": 0,
      "167": 0,
      "168": 0,
      "169": 0,
      "170": 0,
      "171": 0,
      "172": 0,
      "173": 0,
      "174": 0,
      "175": 0,
      "176": 0,
      "177": 0,
      "178": 0,
      "179": 0,
      "180": 0,
      "181": 0,
      "182": 0,
      "183": 0,
      "184": 0,
      "185": 0,
      "186": 0,
      "187": 0,
      "188": 0,
      "189": 0,
      "190": 0,
      "191": 0,
      "192": 0,
      "193": 0,
      "194": 0,
      "195": 0,
      "196": 0,
      "197": 0,
      "198": 0,
      "199": 0,
      "200": 0,
      "201": 0,
      "202": 0,
      "203": 0,
      "204": 0,
      "205": 0,
      "206": 0,
      "207": 0,
      "208": 0,
      "209": 1
    },
    "f": {
      "0": 3,
      "1": 1,
      "2": 0,
      "3": 0,
      "4": 0,
      "5": 0,
      "6": 0,
      "7": 0,
      "8": 0,
      "9": 0,
      "10": 0,
      "11": 0,
      "12": 0,
      "13": 0,
      "14": 0,
      "15": 0
    },
    "b": {
      "0": [0],
      "1": [3, 0],
      "2": [0, 1],
      "3": [1, 1],
      "4": [1, 0],
      "5": [0, 0],
      "6": [0],
      "7": [0, 0],
      "8": [0, 0],
      "9": [0, 0],
      "10": [0, 0],
      "11": [0, 0],
      "12": [0, 0],
      "13": [0, 0, 0],
      "14": [0, 0],
      "15": [0],
      "16": [0, 0],
      "17": [0, 0],
      "18": [0, 0, 0],
      "19": [0, 0],
      "20": [0, 0],
      "21": [0, 0],
      "22": [0, 0],
      "23": [0, 0, 0],
      "24": [0, 0],
      "25": [0, 0],
      "26": [0, 0],
      "27": [0, 0],
      "28": [0, 0],
      "29": [0, 0],
      "30": [0, 0, 0],
      "31": [0, 0],
      "32": [0, 0],
      "33": [0, 0],
      "34": [0, 0],
      "35": [0, 0],
      "36": [0, 0],
      "37": [0, 0],
      "38": [0, 0],
      "39": [0, 0],
      "40": [0, 0],
      "41": [0, 0],
      "42": [0, 0],
      "43": [0, 0],
      "44": [0, 0],
      "45": [0, 0],
      "46": [0, 0],
      "47": [0, 0],
      "48": [0, 0],
      "49": [0, 0],
      "50": [0, 0],
      "51": [0],
      "52": [0, 0, 0],
      "53": [0, 0, 0],
      "54": [0, 0],
      "55": [0, 0, 0],
      "56": [0, 0],
      "57": [0, 0],
      "58": [0, 0],
      "59": [0, 0],
      "60": [0],
      "61": [0],
      "62": [0, 0, 0, 0],
      "63": [0, 0, 0],
      "64": [0, 0, 0],
      "65": [0, 0],
      "66": [0, 0],
      "67": [0, 0, 0],
      "68": [0, 0],
      "69": [0, 0],
      "70": [0, 0],
      "71": [0, 0],
      "72": [0, 0],
      "73": [0, 0],
      "74": [0, 0, 0],
      "75": [0, 0],
      "76": [0, 0],
      "77": [0, 0, 0],
      "78": [0, 0, 0],
      "79": [0, 0],
      "80": [0, 0],
      "81": [0, 0],
      "82": [0, 0],
      "83": [0, 0],
      "84": [0, 0],
      "85": [0, 0],
      "86": [0, 0],
      "87": [0, 0, 0],
      "88": [0, 0],
      "89": [0, 0],
      "90": [0, 0, 0],
      "91": [0, 0],
      "92": [0, 0, 0],
      "93": [0, 0],
      "94": [0, 0, 0],
      "95": [0, 0, 0],
      "96": [0, 0],
      "97": [0, 0, 0],
      "98": [0, 0],
      "99": [0],
      "100": [0, 0]
    },
    "_coverageSchema": "1a1c01bbd47fc00a2c39e90264f33305004495a9",
    "hash": "306b72f8bcefd6d5d56f43f589b5a3bc4cf762bc"
  },
  "/opt/magic_mirror/modules/MMM-Webuntis/lib/cacheManager.js": {
    "path": "/opt/magic_mirror/modules/MMM-Webuntis/lib/cacheManager.js",
    "statementMap": {
      "0": { "start": { "line": 15, "column": 4 }, "end": { "line": 17, "column": 6 } },
      "1": { "start": { "line": 18, "column": 4 }, "end": { "line": 18, "column": 40 } },
      "2": { "start": { "line": 29, "column": 18 }, "end": { "line": 29, "column": 41 } },
      "3": { "start": { "line": 30, "column": 4 }, "end": { "line": 33, "column": 5 } },
      "4": { "start": { "line": 31, "column": 6 }, "end": { "line": 31, "column": 58 } },
      "5": { "start": { "line": 32, "column": 6 }, "end": { "line": 32, "column": 23 } },
      "6": { "start": { "line": 35, "column": 18 }, "end": { "line": 35, "column": 32 } },
      "7": { "start": { "line": 36, "column": 4 }, "end": { "line": 36, "column": 33 } },
      "8": { "start": { "line": 36, "column": 16 }, "end": { "line": 36, "column": 33 } },
      "9": { "start": { "line": 39, "column": 4 }, "end": { "line": 42, "column": 5 } },
      "10": { "start": { "line": 40, "column": 6 }, "end": { "line": 40, "column": 24 } },
      "11": { "start": { "line": 41, "column": 6 }, "end": { "line": 41, "column": 23 } },
      "12": { "start": { "line": 44, "column": 4 }, "end": { "line": 44, "column": 59 } },
      "13": { "start": { "line": 56, "column": 18 }, "end": { "line": 56, "column": 41 } },
      "14": { "start": { "line": 57, "column": 4 }, "end": { "line": 60, "column": 5 } },
      "15": { "start": { "line": 58, "column": 6 }, "end": { "line": 58, "column": 58 } },
      "16": { "start": { "line": 59, "column": 6 }, "end": { "line": 59, "column": 13 } },
      "17": { "start": { "line": 62, "column": 18 }, "end": { "line": 62, "column": 70 } },
      "18": { "start": { "line": 63, "column": 4 }, "end": { "line": 63, "column": 26 } },
      "19": { "start": { "line": 74, "column": 4 }, "end": { "line": 74, "column": 50 } },
      "20": { "start": { "line": 84, "column": 18 }, "end": { "line": 84, "column": 41 } },
      "21": { "start": { "line": 85, "column": 4 }, "end": { "line": 88, "column": 5 } },
      "22": { "start": { "line": 86, "column": 6 }, "end": { "line": 86, "column": 58 } },
      "23": { "start": { "line": 87, "column": 6 }, "end": { "line": 87, "column": 13 } },
      "24": { "start": { "line": 90, "column": 4 }, "end": { "line": 96, "column": 5 } },
      "25": { "start": { "line": 91, "column": 6 }, "end": { "line": 91, "column": 24 } },
      "26": { "start": { "line": 92, "column": 6 }, "end": { "line": 92, "column": 70 } },
      "27": { "start": { "line": 94, "column": 6 }, "end": { "line": 94, "column": 20 } },
      "28": { "start": { "line": 95, "column": 6 }, "end": { "line": 95, "column": 65 } },
      "29": { "start": { "line": 103, "column": 4 }, "end": { "line": 105, "column": 7 } },
      "30": { "start": { "line": 104, "column": 6 }, "end": { "line": 104, "column": 38 } },
      "31": { "start": { "line": 106, "column": 4 }, "end": { "line": 106, "column": 48 } },
      "32": { "start": { "line": 116, "column": 4 }, "end": { "line": 125, "column": 5 } },
      "33": { "start": { "line": 117, "column": 20 }, "end": { "line": 117, "column": 43 } },
      "34": { "start": { "line": 118, "column": 6 }, "end": { "line": 118, "column": 60 } },
      "35": { "start": { "line": 118, "column": 18 }, "end": { "line": 118, "column": 60 } },
      "36": { "start": { "line": 120, "column": 6 }, "end": { "line": 124, "column": 8 } },
      "37": { "start": { "line": 128, "column": 18 }, "end": { "line": 128, "column": 20 } },
      "38": { "start": { "line": 129, "column": 4 }, "end": { "line": 135, "column": 7 } },
      "39": { "start": { "line": 130, "column": 20 }, "end": { "line": 130, "column": 38 } },
      "40": { "start": { "line": 131, "column": 6 }, "end": { "line": 134, "column": 8 } },
      "41": { "start": { "line": 136, "column": 4 }, "end": { "line": 136, "column": 17 } },
      "42": { "start": { "line": 143, "column": 18 }, "end": { "line": 143, "column": 19 } },
      "43": { "start": { "line": 144, "column": 4 }, "end": { "line": 155, "column": 7 } },
      "44": { "start": { "line": 145, "column": 23 }, "end": { "line": 145, "column": 25 } },
      "45": { "start": { "line": 146, "column": 6 }, "end": { "line": 150, "column": 9 } },
      "46": { "start": { "line": 147, "column": 8 }, "end": { "line": 149, "column": 9 } },
      "47": { "start": { "line": 148, "column": 10 }, "end": { "line": 148, "column": 29 } },
      "48": { "start": { "line": 151, "column": 6 }, "end": { "line": 154, "column": 9 } },
      "49": { "start": { "line": 152, "column": 8 }, "end": { "line": 152, "column": 26 } },
      "50": { "start": { "line": 153, "column": 8 }, "end": { "line": 153, "column": 18 } },
      "51": { "start": { "line": 156, "column": 4 }, "end": { "line": 158, "column": 5 } },
      "52": { "start": { "line": 157, "column": 6 }, "end": { "line": 157, "column": 75 } },
      "53": { "start": { "line": 159, "column": 4 }, "end": { "line": 159, "column": 19 } },
      "54": { "start": { "line": 163, "column": 0 }, "end": { "line": 163, "column": 30 } }
    },
    "fnMap": {
      "0": {
        "name": "(anonymous_0)",
        "decl": { "start": { "line": 14, "column": 2 }, "end": { "line": 14, "column": 3 } },
        "loc": { "start": { "line": 14, "column": 22 }, "end": { "line": 19, "column": 3 } },
        "line": 14
      },
      "1": {
        "name": "(anonymous_1)",
        "decl": { "start": { "line": 18, "column": 30 }, "end": { "line": 18, "column": 31 } },
        "loc": { "start": { "line": 18, "column": 36 }, "end": { "line": 18, "column": 38 } },
        "line": 18
      },
      "2": {
        "name": "(anonymous_2)",
        "decl": { "start": { "line": 28, "column": 2 }, "end": { "line": 28, "column": 3 } },
        "loc": { "start": { "line": 28, "column": 22 }, "end": { "line": 45, "column": 3 } },
        "line": 28
      },
      "3": {
        "name": "(anonymous_3)",
        "decl": { "start": { "line": 55, "column": 2 }, "end": { "line": 55, "column": 3 } },
        "loc": { "start": { "line": 55, "column": 34 }, "end": { "line": 64, "column": 3 } },
        "line": 55
      },
      "4": {
        "name": "(anonymous_4)",
        "decl": { "start": { "line": 73, "column": 2 }, "end": { "line": 73, "column": 3 } },
        "loc": { "start": { "line": 73, "column": 22 }, "end": { "line": 75, "column": 3 } },
        "line": 73
      },
      "5": {
        "name": "(anonymous_5)",
        "decl": { "start": { "line": 83, "column": 2 }, "end": { "line": 83, "column": 3 } },
        "loc": { "start": { "line": 83, "column": 24 }, "end": { "line": 97, "column": 3 } },
        "line": 83
      },
      "6": {
        "name": "(anonymous_6)",
        "decl": { "start": { "line": 102, "column": 2 }, "end": { "line": 102, "column": 3 } },
        "loc": { "start": { "line": 102, "column": 13 }, "end": { "line": 107, "column": 3 } },
        "line": 102
      },
      "7": {
        "name": "(anonymous_7)",
        "decl": { "start": { "line": 103, "column": 38 }, "end": { "line": 103, "column": 39 } },
        "loc": { "start": { "line": 103, "column": 53 }, "end": { "line": 105, "column": 5 } },
        "line": 103
      },
      "8": {
        "name": "(anonymous_8)",
        "decl": { "start": { "line": 115, "column": 2 }, "end": { "line": 115, "column": 3 } },
        "loc": { "start": { "line": 115, "column": 22 }, "end": { "line": 137, "column": 3 } },
        "line": 115
      },
      "9": {
        "name": "(anonymous_9)",
        "decl": { "start": { "line": 129, "column": 38 }, "end": { "line": 129, "column": 39 } },
        "loc": { "start": { "line": 129, "column": 48 }, "end": { "line": 135, "column": 5 } },
        "line": 129
      },
      "10": {
        "name": "(anonymous_10)",
        "decl": { "start": { "line": 142, "column": 2 }, "end": { "line": 142, "column": 3 } },
        "loc": { "start": { "line": 142, "column": 19 }, "end": { "line": 160, "column": 3 } },
        "line": 142
      },
      "11": {
        "name": "(anonymous_11)",
        "decl": { "start": { "line": 144, "column": 41 }, "end": { "line": 144, "column": 42 } },
        "loc": { "start": { "line": 144, "column": 56 }, "end": { "line": 155, "column": 5 } },
        "line": 144
      },
      "12": {
        "name": "(anonymous_12)",
        "decl": { "start": { "line": 146, "column": 20 }, "end": { "line": 146, "column": 21 } },
        "loc": { "start": { "line": 146, "column": 36 }, "end": { "line": 150, "column": 7 } },
        "line": 146
      },
      "13": {
        "name": "(anonymous_13)",
        "decl": { "start": { "line": 151, "column": 23 }, "end": { "line": 151, "column": 24 } },
        "loc": { "start": { "line": 151, "column": 32 }, "end": { "line": 154, "column": 7 } },
        "line": 151
      }
    },
    "branchMap": {
      "0": {
        "loc": { "start": { "line": 18, "column": 19 }, "end": { "line": 18, "column": 39 } },
        "type": "binary-expr",
        "locations": [
          { "start": { "line": 18, "column": 19 }, "end": { "line": 18, "column": 25 } },
          { "start": { "line": 18, "column": 30 }, "end": { "line": 18, "column": 38 } }
        ],
        "line": 18
      },
      "1": {
        "loc": { "start": { "line": 30, "column": 4 }, "end": { "line": 33, "column": 5 } },
        "type": "if",
        "locations": [
          { "start": { "line": 30, "column": 4 }, "end": { "line": 33, "column": 5 } },
          { "start": {}, "end": {} }
        ],
        "line": 30
      },
      "2": {
        "loc": { "start": { "line": 36, "column": 4 }, "end": { "line": 36, "column": 33 } },
        "type": "if",
        "locations": [
          { "start": { "line": 36, "column": 4 }, "end": { "line": 36, "column": 33 } },
          { "start": {}, "end": {} }
        ],
        "line": 36
      },
      "3": {
        "loc": { "start": { "line": 39, "column": 4 }, "end": { "line": 42, "column": 5 } },
        "type": "if",
        "locations": [
          { "start": { "line": 39, "column": 4 }, "end": { "line": 42, "column": 5 } },
          { "start": {}, "end": {} }
        ],
        "line": 39
      },
      "4": {
        "loc": { "start": { "line": 39, "column": 8 }, "end": { "line": 39, "column": 55 } },
        "type": "binary-expr",
        "locations": [
          { "start": { "line": 39, "column": 8 }, "end": { "line": 39, "column": 23 } },
          { "start": { "line": 39, "column": 27 }, "end": { "line": 39, "column": 55 } }
        ],
        "line": 39
      },
      "5": {
        "loc": { "start": { "line": 44, "column": 11 }, "end": { "line": 44, "column": 58 } },
        "type": "cond-expr",
        "locations": [
          { "start": { "line": 44, "column": 39 }, "end": { "line": 44, "column": 50 } },
          { "start": { "line": 44, "column": 53 }, "end": { "line": 44, "column": 58 } }
        ],
        "line": 44
      },
      "6": {
        "loc": { "start": { "line": 57, "column": 4 }, "end": { "line": 60, "column": 5 } },
        "type": "if",
        "locations": [
          { "start": { "line": 57, "column": 4 }, "end": { "line": 60, "column": 5 } },
          { "start": {}, "end": {} }
        ],
        "line": 57
      },
      "7": {
        "loc": { "start": { "line": 62, "column": 18 }, "end": { "line": 62, "column": 70 } },
        "type": "cond-expr",
        "locations": [
          { "start": { "line": 62, "column": 24 }, "end": { "line": 62, "column": 62 } },
          { "start": { "line": 62, "column": 65 }, "end": { "line": 62, "column": 70 } }
        ],
        "line": 62
      },
      "8": {
        "loc": { "start": { "line": 85, "column": 4 }, "end": { "line": 88, "column": 5 } },
        "type": "if",
        "locations": [
          { "start": { "line": 85, "column": 4 }, "end": { "line": 88, "column": 5 } },
          { "start": {}, "end": {} }
        ],
        "line": 85
      },
      "9": {
        "loc": { "start": { "line": 90, "column": 4 }, "end": { "line": 96, "column": 5 } },
        "type": "if",
        "locations": [
[...]
      "5": {
        "name": "(anonymous_5)",
        "decl": { "start": { "line": 177, "column": 2 }, "end": { "line": 177, "column": 3 } },
        "loc": { "start": { "line": 177, "column": 34 }, "end": { "line": 182, "column": 3 } },
        "line": 177
      },
      "6": {
        "name": "(anonymous_6)",
        "decl": { "start": { "line": 193, "column": 2 }, "end": { "line": 193, "column": 3 } },
        "loc": { "start": { "line": 193, "column": 76 }, "end": { "line": 234, "column": 3 } },
        "line": 193
      },
      "7": {
        "name": "(anonymous_7)",
        "decl": { "start": { "line": 242, "column": 2 }, "end": { "line": 242, "column": 3 } },
        "loc": { "start": { "line": 242, "column": 40 }, "end": { "line": 271, "column": 3 } },
        "line": 242
      },
      "8": {
        "name": "(anonymous_8)",
        "decl": { "start": { "line": 283, "column": 2 }, "end": { "line": 283, "column": 3 } },
        "loc": { "start": { "line": 283, "column": 67 }, "end": { "line": 312, "column": 3 } },
        "line": 283
      },
      "9": {
        "name": "(anonymous_9)",
        "decl": { "start": { "line": 321, "column": 2 }, "end": { "line": 321, "column": 3 } },
        "loc": { "start": { "line": 321, "column": 40 }, "end": { "line": 334, "column": 3 } },
        "line": 321
      },
      "10": {
        "name": "(anonymous_10)",
        "decl": { "start": { "line": 342, "column": 2 }, "end": { "line": 342, "column": 3 } },
        "loc": { "start": { "line": 342, "column": 36 }, "end": { "line": 357, "column": 3 } },
        "line": 342
      },
      "11": {
        "name": "(anonymous_11)",
        "decl": { "start": { "line": 346, "column": 23 }, "end": { "line": 346, "column": 24 } },
        "loc": { "start": { "line": 346, "column": 38 }, "end": { "line": 352, "column": 5 } },
        "line": 346
      },
      "12": {
        "name": "(anonymous_12)",
        "decl": { "start": { "line": 355, "column": 11 }, "end": { "line": 355, "column": 12 } },
        "loc": { "start": { "line": 355, "column": 23 }, "end": { "line": 355, "column": 34 } },
        "line": 355
      },
      "13": {
        "name": "(anonymous_13)",
        "decl": { "start": { "line": 365, "column": 2 }, "end": { "line": 365, "column": 3 } },
        "loc": { "start": { "line": 365, "column": 64 }, "end": { "line": 370, "column": 3 } },
        "line": 365
      },
      "14": {
        "name": "(anonymous_14)",
        "decl": { "start": { "line": 377, "column": 2 }, "end": { "line": 377, "column": 3 } },
        "loc": { "start": { "line": 377, "column": 31 }, "end": { "line": 387, "column": 3 } },
        "line": 377
      },
      "15": {
        "name": "(anonymous_15)",
        "decl": { "start": { "line": 393, "column": 2 }, "end": { "line": 393, "column": 3 } },
        "loc": { "start": { "line": 393, "column": 32 }, "end": { "line": 399, "column": 3 } },
        "line": 393
      },
      "16": {
        "name": "(anonymous_16)",
        "decl": { "start": { "line": 405, "column": 2 }, "end": { "line": 405, "column": 3 } },
        "loc": { "start": { "line": 405, "column": 18 }, "end": { "line": 410, "column": 3 } },
        "line": 405
      }
    },
    "branchMap": {
      "0": {
        "loc": { "start": { "line": 29, "column": 14 }, "end": { "line": 29, "column": 26 } },
        "type": "default-arg",
        "locations": [{ "start": { "line": 29, "column": 24 }, "end": { "line": 29, "column": 26 } }],
        "line": 29
      },
      "1": {
        "loc": { "start": { "line": 30, "column": 18 }, "end": { "line": 30, "column": 46 } },
        "type": "binary-expr",
        "locations": [
          { "start": { "line": 30, "column": 18 }, "end": { "line": 30, "column": 32 } },
          { "start": { "line": 30, "column": 37 }, "end": { "line": 30, "column": 45 } }
        ],
        "line": 30
      },
      "2": {
        "loc": { "start": { "line": 48, "column": 6 }, "end": { "line": 50, "column": 7 } },
        "type": "if",
        "locations": [
          { "start": { "line": 48, "column": 6 }, "end": { "line": 50, "column": 7 } },
          { "start": {}, "end": {} }
        ],
        "line": 48
      },
      "3": {
        "loc": { "start": { "line": 48, "column": 10 }, "end": { "line": 48, "column": 42 } },
        "type": "binary-expr",
        "locations": [
          { "start": { "line": 48, "column": 10 }, "end": { "line": 48, "column": 17 } },
          { "start": { "line": 48, "column": 21 }, "end": { "line": 48, "column": 28 } },
          { "start": { "line": 48, "column": 32 }, "end": { "line": 48, "column": 42 } }
        ],
        "line": 48
      },
      "4": {
        "loc": { "start": { "line": 52, "column": 6 }, "end": { "line": 54, "column": 7 } },
        "type": "if",
        "locations": [
          { "start": { "line": 52, "column": 6 }, "end": { "line": 54, "column": 7 } },
          { "start": {}, "end": {} }
        ],
        "line": 52
      },
      "5": {
        "loc": { "start": { "line": 57, "column": 6 }, "end": { "line": 59, "column": 7 } },
        "type": "if",
        "locations": [
          { "start": { "line": 57, "column": 6 }, "end": { "line": 59, "column": 7 } },
          { "start": {}, "end": {} }
        ],
        "line": 57
      },
      "6": {
        "loc": { "start": { "line": 57, "column": 10 }, "end": { "line": 57, "column": 53 } },
        "type": "binary-expr",
        "locations": [
          { "start": { "line": 57, "column": 10 }, "end": { "line": 57, "column": 19 } },
          { "start": { "line": 57, "column": 23 }, "end": { "line": 57, "column": 53 } }
        ],
        "line": 57
      },
      "7": {
        "loc": { "start": { "line": 67, "column": 6 }, "end": { "line": 70, "column": 7 } },
        "type": "if",
        "locations": [
          { "start": { "line": 67, "column": 6 }, "end": { "line": 70, "column": 7 } },
          { "start": {}, "end": {} }
        ],
        "line": 67
      },
      "8": {
        "loc": { "start": { "line": 118, "column": 6 }, "end": { "line": 121, "column": 7 } },
        "type": "if",
        "locations": [
          { "start": { "line": 118, "column": 6 }, "end": { "line": 121, "column": 7 } },
          { "start": {}, "end": {} }
        ],
        "line": 118
      },
      "9": {
        "loc": { "start": { "line": 118, "column": 10 }, "end": { "line": 118, "column": 57 } },
        "type": "binary-expr",
        "locations": [
          { "start": { "line": 118, "column": 10 }, "end": { "line": 118, "column": 33 } },
          { "start": { "line": 118, "column": 37 }, "end": { "line": 118, "column": 57 } }
        ],
        "line": 118
      },
      "10": {
        "loc": { "start": { "line": 119, "column": 25 }, "end": { "line": 119, "column": 73 } },
        "type": "binary-expr",
        "locations": [
          { "start": { "line": 119, "column": 25 }, "end": { "line": 119, "column": 54 } },
          { "start": { "line": 119, "column": 58 }, "end": { "line": 119, "column": 73 } }
        ],
        "line": 119
      },
      "11": {
        "loc": { "start": { "line": 127, "column": 6 }, "end": { "line": 129, "column": 7 } },
        "type": "if",
        "locations": [
          { "start": { "line": 127, "column": 6 }, "end": { "line": 129, "column": 7 } },
          { "start": {}, "end": {} }
        ],
        "line": 127
      },
      "12": {
        "loc": { "start": { "line": 139, "column": 6 }, "end": { "line": 141, "column": 7 } },
        "type": "if",
        "locations": [
          { "start": { "line": 139, "column": 6 }, "end": { "line": 141, "column": 7 } },
          { "start": {}, "end": {} }
        ],
        "line": 139
      },
      "13": {
        "loc": { "start": { "line": 146, "column": 6 }, "end": { "line": 148, "column": 7 } },
        "type": "if",
        "locations": [
          { "start": { "line": 146, "column": 6 }, "end": { "line": 148, "column": 7 } },
          { "start": {}, "end": {} }
        ],
        "line": 146
      },
      "14": {
        "loc": { "start": { "line": 151, "column": 22 }, "end": { "line": 151, "column": 52 } },
        "type": "binary-expr",
        "locations": [
          { "start": { "line": 151, "column": 22 }, "end": { "line": 151, "column": 46 } },
          { "start": { "line": 151, "column": 50 }, "end": { "line": 151, "column": 52 } }
        ],
        "line": 151
      },
      "15": {
        "loc": { "start": { "line": 153, "column": 25 }, "end": { "line": 153, "column": 57 } },
        "type": "cond-expr",
        "locations": [
          { "start": { "line": 153, "column": 34 }, "end": { "line": 153, "column": 45 } },
          { "start": { "line": 153, "column": 48 }, "end": { "line": 153, "column": 57 } }
        ],
        "line": 153
      },
      "16": {
        "loc": { "start": { "line": 178, "column": 4 }, "end": { "line": 178, "column": 35 } },
        "type": "if",
        "locations": [
          { "start": { "line": 178, "column": 4 }, "end": { "line": 178, "column": 35 } },
          { "start": {}, "end": {} }
        ],
        "line": 178
      },
      "17": {
        "loc": { "start": { "line": 181, "column": 11 }, "end": { "line": 181, "column": 34 } },
        "type": "cond-expr",
        "locations": [
          { "start": { "line": 181, "column": 19 }, "end": { "line": 181, "column": 27 } },
          { "start": { "line": 181, "column": 30 }, "end": { "line": 181, "column": 34 } }
        ],
        "line": 181
      },
      "18": {
        "loc": { "start": { "line": 212, "column": 6 }, "end": { "line": 214, "column": 7 } },
        "type": "if",
        "locations": [
          { "start": { "line": 212, "column": 6 }, "end": { "line": 214, "column": 7 } },
          { "start": {}, "end": {} }
        ],
        "line": 212
      },
      "19": {
        "loc": { "start": { "line": 212, "column": 10 }, "end": { "line": 212, "column": 59 } },
        "type": "binary-expr",
        "locations": [
          { "start": { "line": 212, "column": 10 }, "end": { "line": 212, "column": 33 } },
          { "start": { "line": 212, "column": 37 }, "end": { "line": 212, "column": 59 } }
        ],
        "line": 212
      },
      "20": {
        "loc": { "start": { "line": 213, "column": 83 }, "end": { "line": 213, "column": 131 } },
        "type": "binary-expr",
        "locations": [
          { "start": { "line": 213, "column": 83 }, "end": { "line": 213, "column": 112 } },
          { "start": { "line": 213, "column": 116 }, "end": { "line": 213, "column": 131 } }
        ],
        "line": 213
      },
      "21": {
        "loc": { "start": { "line": 249, "column": 6 }, "end": { "line": 251, "column": 7 } },
        "type": "if",
        "locations": [
          { "start": { "line": 249, "column": 6 }, "end": { "line": 251, "column": 7 } },
          { "start": {}, "end": {} }
        ],
        "line": 249
      },
      "22": {
        "loc": { "start": { "line": 253, "column": 6 }, "end": { "line": 255, "column": 7 } },
        "type": "if",
        "locations": [
          { "start": { "line": 253, "column": 6 }, "end": { "line": 255, "column": 7 } },
          { "start": {}, "end": {} }
        ],
        "line": 253
      },
      "23": {
        "loc": { "start": { "line": 253, "column": 10 }, "end": { "line": 253, "column": 82 } },
        "type": "binary-expr",
        "locations": [
          { "start": { "line": 253, "column": 10 }, "end": { "line": 253, "column": 44 } },
          { "start": { "line": 253, "column": 48 }, "end": { "line": 253, "column": 82 } }
        ],
        "line": 253
      },
      "24": {
        "loc": { "start": { "line": 261, "column": 6 }, "end": { "line": 263, "column": 7 } },
        "type": "if",
        "locations": [
          { "start": { "line": 261, "column": 6 }, "end": { "line": 263, "column": 7 } },
          { "start": {}, "end": {} }
        ],
        "line": 261
      },
      "25": {
        "loc": { "start": { "line": 261, "column": 10 }, "end": { "line": 261, "column": 87 } },
        "type": "binary-expr",
        "locations": [
          { "start": { "line": 261, "column": 10 }, "end": { "line": 261, "column": 31 } },
          { "start": { "line": 261, "column": 35 }, "end": { "line": 261, "column": 56 } },
          { "start": { "line": 261, "column": 60 }, "end": { "line": 261, "column": 87 } }
        ],
        "line": 261
      },
      "26": {
        "loc": { "start": { "line": 290, "column": 18 }, "end": { "line": 290, "column": 36 } },
        "type": "binary-expr",
        "locations": [
          { "start": { "line": 290, "column": 18 }, "end": { "line": 290, "column": 30 } },
          { "start": { "line": 290, "column": 34 }, "end": { "line": 290, "column": 36 } }
        ],
        "line": 290
      },
      "27": {
        "loc": { "start": { "line": 294, "column": 19 }, "end": { "line": 294, "column": 53 } },
        "type": "cond-expr",
        "locations": [
          { "start": { "line": 294, "column": 29 }, "end": { "line": 294, "column": 48 } },
          { "start": { "line": 294, "column": 51 }, "end": { "line": 294, "column": 53 } }
        ],
        "line": 294
      },
      "28": {
        "loc": { "start": { "line": 299, "column": 6 }, "end": { "line": 301, "column": 7 } },
        "type": "if",
        "locations": [
          { "start": { "line": 299, "column": 6 }, "end": { "line": 301, "column": 7 } },
          { "start": {}, "end": {} }
        ],
        "line": 299
      },
      "29": {
        "loc": { "start": { "line": 299, "column": 10 }, "end": { "line": 299, "column": 43 } },
        "type": "binary-expr",
        "locations": [
          { "start": { "line": 299, "column": 10 }, "end": { "line": 299, "column": 29 } },
          { "start": { "line": 299, "column": 33 }, "end": { "line": 299, "column": 43 } }
        ],
        "line": 299
      },
      "30": {
        "loc": { "start": { "line": 303, "column": 6 }, "end": { "line": 305, "column": 7 } },
        "type": "if",
        "locations": [
          { "start": { "line": 303, "column": 6 }, "end": { "line": 305, "column": 7 } },
          { "start": {}, "end": {} }
        ],
        "line": 303
      },
      "31": {
        "loc": { "start": { "line": 344, "column": 23 }, "end": { "line": 344, "column": 45 } },
        "type": "binary-expr",
        "locations": [
          { "start": { "line": 344, "column": 23 }, "end": { "line": 344, "column": 39 } },
          { "start": { "line": 344, "column": 43 }, "end": { "line": 344, "column": 45 } }
        ],
        "line": 344
      },
      "32": {
        "loc": { "start": { "line": 349, "column": 6 }, "end": { "line": 351, "column": 7 } },
        "type": "if",
        "locations": [
          { "start": { "line": 349, "column": 6 }, "end": { "line": 351, "column": 7 } },
          { "start": {}, "end": {} }
        ],
        "line": 349
      },
      "33": {
        "loc": { "start": { "line": 349, "column": 10 }, "end": { "line": 349, "column": 22 } },
        "type": "binary-expr",
        "locations": [
          { "start": { "line": 349, "column": 10 }, "end": { "line": 349, "column": 13 } },
          { "start": { "line": 349, "column": 17 }, "end": { "line": 349, "column": 22 } }
        ],
        "line": 349
      },
      "34": {
        "loc": { "start": { "line": 365, "column": 40 }, "end": { "line": 365, "column": 62 } },
        "type": "default-arg",
        "locations": [{ "start": { "line": 365, "column": 48 }, "end": { "line": 365, "column": 62 } }],
        "line": 365
      },
      "35": {
        "loc": { "start": { "line": 379, "column": 4 }, "end": { "line": 379, "column": 29 } },
        "type": "if",
        "locations": [
          { "start": { "line": 379, "column": 4 }, "end": { "line": 379, "column": 29 } },
          { "start": {}, "end": {} }
        ],
        "line": 379
      },
      "36": {
        "loc": { "start": { "line": 381, "column": 4 }, "end": { "line": 384, "column": 5 } },
        "type": "if",
        "locations": [
          { "start": { "line": 381, "column": 4 }, "end": { "line": 384, "column": 5 } },
          { "start": {}, "end": {} }
        ],
        "line": 381
      },
      "37": {
        "loc": { "start": { "line": 393, "column": 13 }, "end": { "line": 393, "column": 30 } },
        "type": "default-arg",
        "locations": [{ "start": { "line": 393, "column": 26 }, "end": { "line": 393, "column": 30 } }],
        "line": 393
      },
      "38": {
        "loc": { "start": { "line": 394, "column": 4 }, "end": { "line": 398, "column": 5 } },
        "type": "if",
        "locations": [
          { "start": { "line": 394, "column": 4 }, "end": { "line": 398, "column": 5 } },
          { "start": { "line": 396, "column": 11 }, "end": { "line": 398, "column": 5 } }
        ],
        "line": 394
      }
    },
    "s": {
      "0": 1,
      "1": 1,
      "2": 1,
      "3": 1,
      "4": 1,
      "5": 1,
      "6": 1,
      "7": 3,
      "8": 3,
      "9": 3,
      "10": 0,
      "11": 0,
      "12": 0,
      "13": 0,
      "14": 0,
      "15": 0,
      "16": 0,
      "17": 0,
      "18": 0,
      "19": 0,
      "20": 0,
      "21": 0,
      "22": 0,
      "23": 0,
      "24": 0,
      "25": 0,
      "26": 0,
      "27": 0,
      "28": 0,
      "29": 0,
      "30": 0,
      "31": 0,
      "32": 0,
      "33": 0,
      "34": 0,
      "35": 0,
      "36": 0,
      "37": 0,
      "38": 0,
      "39": 0,
      "40": 0,
      "41": 0,
      "42": 0,
      "43": 0,
      "44": 0,
      "45": 0,
      "46": 0,
      "47": 0,
      "48": 0,
      "49": 0,
      "50": 0,
      "51": 0,
      "52": 0,
      "53": 0,
      "54": 0,
      "55": 0,
      "56": 0,
      "57": 0,
      "58": 0,
      "59": 0,
      "60": 0,
      "61": 0,
      "62": 0,
      "63": 0,
      "64": 0,
      "65": 0,
      "66": 0,
      "67": 0,
      "68": 0,
      "69": 0,
      "70": 0,
      "71": 0,
      "72": 0,
      "73": 0,
      "74": 0,
      "75": 0,
      "76": 0,
      "77": 0,
      "78": 0,
      "79": 0,
      "80": 0,
      "81": 0,
      "82": 0,
      "83": 0,
      "84": 0,
      "85": 0,
      "86": 0,
      "87": 0,
      "88": 0,
      "89": 0,
      "90": 0,
      "91": 0,
      "92": 0,
      "93": 0,
      "94": 0,
      "95": 0,
      "96": 0,
      "97": 0,
      "98": 0,
      "99": 0,
      "100": 0,
      "101": 0,
      "102": 0,
      "103": 0,
      "104": 0,
      "105": 0,
      "106": 0,
      "107": 0,
      "108": 0,
      "109": 0,
      "110": 0,
      "111": 0,
      "112": 0,
      "113": 0,
      "114": 0,
      "115": 0,
      "116": 0,
      "117": 0,
      "118": 0,
      "119": 0,
      "120": 0,
      "121": 1
    },
    "f": {
      "0": 3,
      "1": 0,
      "2": 0,
      "3": 0,
      "4": 0,
      "5": 0,
      "6": 0,
      "7": 0,
      "8": 0,
      "9": 0,
      "10": 0,
      "11": 0,
      "12": 0,
      "13": 0,
      "14": 0,
      "15": 0,
      "16": 0
    },
    "b": {
      "0": [0],
      "1": [3, 0],
      "2": [0, 0],
      "3": [0, 0, 0],
      "4": [0, 0],
      "5": [0, 0],
      "6": [0, 0],
      "7": [0, 0],
      "8": [0, 0],
      "9": [0, 0],
      "10": [0, 0],
      "11": [0, 0],
      "12": [0, 0],
      "13": [0, 0],
      "14": [0, 0],
      "15": [0, 0],
      "16": [0, 0],
      "17": [0, 0],
      "18": [0, 0],
      "19": [0, 0],
      "20": [0, 0],
      "21": [0, 0],
      "22": [0, 0],
      "23": [0, 0],
      "24": [0, 0],
      "25": [0, 0, 0],
      "26": [0, 0],
      "27": [0, 0],
      "28": [0, 0],
      "29": [0, 0],
      "30": [0, 0],
      "31": [0, 0],
      "32": [0, 0],
      "33": [0, 0],
      "34": [0],
      "35": [0, 0],
      "36": [0, 0],
      "37": [0],
      "38": [0, 0]
    },
    "_coverageSchema": "1a1c01bbd47fc00a2c39e90264f33305004495a9",
    "hash": "42bad2c5d78053f4ddda524938f7cefadc4d09ca"
  }
}
