TN:
SF:lib/authService.js
FN:11,(anonymous_0)
FN:23,(anonymous_1)
FN:46,(anonymous_2)
FN:90,(anonymous_3)
FN:178,(anonymous_4)
FN:220,(anonymous_5)
FN:388,(anonymous_6)
FN:410,(anonymous_7)
FN:434,(anonymous_8)
FN:473,(anonymous_9)
FN:510,(anonymous_10)
FN:546,(anonymous_11)
FN:604,(anonymous_12)
FN:608,(anonymous_13)
FN:627,(anonymous_14)
FN:639,(anonymous_15)
FNF:16
FNH:2
FNDA:3,(anonymous_0)
FNDA:1,(anonymous_1)
FNDA:0,(anonymous_2)
FNDA:0,(anonymous_3)
FNDA:0,(anonymous_4)
FNDA:0,(anonymous_5)
FNDA:0,(anonymous_6)
FNDA:0,(anonymous_7)
FNDA:0,(anonymous_8)
FNDA:0,(anonymous_9)
FNDA:0,(anonymous_10)
FNDA:0,(anonymous_11)
FNDA:0,(anonymous_12)
FNDA:0,(anonymous_13)
FNDA:0,(anonymous_14)
FNDA:0,(anonymous_15)
DA:6,1
DA:7,1
DA:8,1
DA:12,3
DA:13,3
DA:14,3
DA:15,3
DA:24,1
DA:26,1
DA:27,1
DA:28,1
DA:30,0
DA:31,0
DA:33,0
DA:35,0
DA:36,0
DA:47,0
DA:48,0
DA:51,0
DA:54,0
DA:55,0
DA:68,0
DA:69,0
DA:70,0
DA:74,0
DA:75,0
DA:77,0
DA:78,0
DA:79,0
DA:82,0
DA:92,0
DA:93,0
DA:94,0
DA:95,0
DA:98,0
DA:110,0
DA:111,0
DA:122,0
DA:127,0
DA:129,0
DA:130,0
DA:133,0
DA:136,0
DA:139,0
DA:151,0
DA:152,0
DA:163,0
DA:164,0
DA:179,0
DA:180,0
DA:183,0
DA:186,0
DA:187,0
DA:198,0
DA:199,0
DA:200,0
DA:204,0
DA:205,0
DA:207,0
DA:208,0
DA:209,0
DA:212,0
DA:221,0
DA:223,0
DA:226,0
DA:229,0
DA:230,0
DA:231,0
DA:232,0
DA:235,0
DA:236,0
DA:238,0
DA:240,0
DA:241,0
DA:242,0
DA:245,0
DA:249,0
DA:250,0
DA:253,0
DA:258,0
DA:260,0
DA:269,0
DA:274,0
DA:279,0
DA:280,0
DA:281,0
DA:282,0
DA:285,0
DA:286,0
DA:287,0
DA:288,0
DA:290,0
DA:295,0
DA:296,0
DA:297,0
DA:299,0
DA:304,0
DA:305,0
DA:308,0
DA:310,0
DA:319,0
DA:330,0
DA:331,0
DA:334,0
DA:336,0
DA:343,0
DA:344,0
DA:345,0
DA:349,0
DA:352,0
DA:353,0
DA:356,0
DA:359,0
DA:368,0
DA:369,0
DA:378,0
DA:379,0
DA:389,0
DA:390,0
DA:391,0
DA:393,0
DA:394,0
DA:395,0
DA:396,0
DA:398,0
DA:411,0
DA:413,0
DA:435,0
DA:436,0
DA:437,0
DA:439,0
DA:440,0
DA:446,0
DA:447,0
DA:450,0
DA:455,0
DA:456,0
DA:457,0
DA:458,0
DA:461,0
DA:464,0
DA:474,0
DA:475,0
DA:477,0
DA:478,0
DA:479,0
DA:480,0
DA:481,0
DA:483,0
DA:488,0
DA:489,0
DA:490,0
DA:496,0
DA:511,0
DA:512,0
DA:513,0
DA:514,0
DA:515,0
DA:516,0
DA:517,0
DA:521,0
DA:530,0
DA:531,0
DA:532,0
DA:534,0
DA:535,0
DA:536,0
DA:538,0
DA:540,0
DA:541,0
DA:542,0
DA:543,0
DA:546,0
DA:548,0
DA:549,0
DA:554,0
DA:556,0
DA:558,0
DA:559,0
DA:560,0
DA:563,0
DA:566,0
DA:567,0
DA:568,0
DA:569,0
DA:570,0
DA:574,0
DA:575,0
DA:585,0
DA:586,0
DA:596,0
DA:605,0
DA:607,0
DA:608,0
DA:609,0
DA:610,0
DA:612,0
DA:613,0
DA:620,0
DA:628,0
DA:629,0
DA:631,0
DA:640,0
DA:647,1
LF:204
LH:12
BRDA:11,0,0,0
BRDA:12,1,0,3
BRDA:12,1,1,0
BRDA:24,2,0,0
BRDA:24,2,1,1
BRDA:24,3,0,1
BRDA:24,3,1,1
BRDA:28,4,0,1
BRDA:28,4,1,0
BRDA:33,5,0,0
BRDA:33,5,1,0
BRDA:46,6,0,0
BRDA:48,7,0,0
BRDA:48,7,1,0
BRDA:54,8,0,0
BRDA:54,8,1,0
BRDA:54,9,0,0
BRDA:54,9,1,0
BRDA:63,10,0,0
BRDA:63,10,1,0
BRDA:68,11,0,0
BRDA:68,11,1,0
BRDA:92,12,0,0
BRDA:92,12,1,0
BRDA:92,13,0,0
BRDA:92,13,1,0
BRDA:92,13,2,0
BRDA:119,14,0,0
BRDA:119,14,1,0
BRDA:178,15,0,0
BRDA:180,16,0,0
BRDA:180,16,1,0
BRDA:180,17,0,0
BRDA:180,17,1,0
BRDA:180,18,0,0
BRDA:180,18,1,0
BRDA:180,18,2,0
BRDA:186,19,0,0
BRDA:186,19,1,0
BRDA:186,20,0,0
BRDA:186,20,1,0
BRDA:198,21,0,0
BRDA:198,21,1,0
BRDA:226,22,0,0
BRDA:226,22,1,0
BRDA:226,23,0,0
BRDA:226,23,1,0
BRDA:226,23,2,0
BRDA:229,24,0,0
BRDA:229,24,1,0
BRDA:229,25,0,0
BRDA:229,25,1,0
BRDA:240,26,0,0
BRDA:240,26,1,0
BRDA:249,27,0,0
BRDA:249,27,1,0
BRDA:253,28,0,0
BRDA:253,28,1,0
BRDA:255,29,0,0
BRDA:255,29,1,0
BRDA:258,30,0,0
BRDA:258,30,1,0
BRDA:258,30,2,0
BRDA:279,31,0,0
BRDA:279,31,1,0
BRDA:279,32,0,0
BRDA:279,32,1,0
BRDA:281,33,0,0
BRDA:281,33,1,0
BRDA:286,34,0,0
BRDA:286,34,1,0
BRDA:295,35,0,0
BRDA:295,35,1,0
BRDA:308,36,0,0
BRDA:308,36,1,0
BRDA:330,37,0,0
BRDA:330,37,1,0
BRDA:344,38,0,0
BRDA:344,38,1,0
BRDA:356,39,0,0
BRDA:356,39,1,0
BRDA:389,40,0,0
BRDA:389,40,1,0
BRDA:393,41,0,0
BRDA:393,41,1,0
BRDA:411,42,0,0
BRDA:411,42,1,0
BRDA:414,43,0,0
BRDA:414,43,1,0
BRDA:415,44,0,0
BRDA:415,44,1,0
BRDA:418,45,0,0
BRDA:418,45,1,0
BRDA:421,46,0,0
BRDA:421,46,1,0
BRDA:426,47,0,0
BRDA:426,47,1,0
BRDA:446,48,0,0
BRDA:446,48,1,0
BRDA:455,49,0,0
BRDA:455,49,1,0
BRDA:455,50,0,0
BRDA:455,50,1,0
BRDA:473,51,0,0
BRDA:474,52,0,0
BRDA:474,52,1,0
BRDA:474,52,2,0
BRDA:475,53,0,0
BRDA:475,53,1,0
BRDA:475,53,2,0
BRDA:477,54,0,0
BRDA:477,54,1,0
BRDA:477,55,0,0
BRDA:477,55,1,0
BRDA:477,55,2,0
BRDA:480,56,0,0
BRDA:480,56,1,0
BRDA:481,57,0,0
BRDA:481,57,1,0
BRDA:488,58,0,0
BRDA:488,58,1,0
BRDA:488,59,0,0
BRDA:488,59,1,0
BRDA:510,60,0,0
BRDA:510,61,0,0
BRDA:513,62,0,0
BRDA:513,62,1,0
BRDA:513,62,2,0
BRDA:513,62,3,0
BRDA:514,63,0,0
BRDA:514,63,1,0
BRDA:514,63,2,0
BRDA:515,64,0,0
BRDA:515,64,1,0
BRDA:515,64,2,0
BRDA:516,65,0,0
BRDA:516,65,1,0
BRDA:517,66,0,0
BRDA:517,66,1,0
BRDA:521,67,0,0
BRDA:521,67,1,0
BRDA:521,67,2,0
BRDA:531,68,0,0
BRDA:531,68,1,0
BRDA:534,69,0,0
BRDA:534,69,1,0
BRDA:534,70,0,0
BRDA:534,70,1,0
BRDA:538,71,0,0
BRDA:538,71,1,0
BRDA:538,72,0,0
BRDA:538,72,1,0
BRDA:540,73,0,0
BRDA:540,73,1,0
BRDA:540,74,0,0
BRDA:540,74,1,0
BRDA:540,74,2,0
BRDA:543,75,0,0
BRDA:543,75,1,0
BRDA:546,76,0,0
BRDA:546,76,1,0
BRDA:546,77,0,0
BRDA:546,77,1,0
BRDA:546,77,2,0
BRDA:548,78,0,0
BRDA:548,78,1,0
BRDA:548,78,2,0
BRDA:551,79,0,0
BRDA:551,79,1,0
BRDA:551,80,0,0
BRDA:551,80,1,0
BRDA:556,81,0,0
BRDA:556,81,1,0
BRDA:559,82,0,0
BRDA:559,82,1,0
BRDA:566,83,0,0
BRDA:566,83,1,0
BRDA:566,84,0,0
BRDA:566,84,1,0
BRDA:568,85,0,0
BRDA:568,85,1,0
BRDA:574,86,0,0
BRDA:574,86,1,0
BRDA:574,87,0,0
BRDA:574,87,1,0
BRDA:574,87,2,0
BRDA:581,88,0,0
BRDA:581,88,1,0
BRDA:585,89,0,0
BRDA:585,89,1,0
BRDA:585,90,0,0
BRDA:585,90,1,0
BRDA:585,90,2,0
BRDA:588,91,0,0
BRDA:588,91,1,0
BRDA:589,92,0,0
BRDA:589,92,1,0
BRDA:589,92,2,0
BRDA:605,93,0,0
BRDA:605,93,1,0
BRDA:605,94,0,0
BRDA:605,94,1,0
BRDA:605,94,2,0
BRDA:609,95,0,0
BRDA:609,95,1,0
BRDA:609,95,2,0
BRDA:610,96,0,0
BRDA:610,96,1,0
BRDA:612,97,0,0
BRDA:612,97,1,0
BRDA:612,97,2,0
BRDA:616,98,0,0
BRDA:616,98,1,0
BRDA:627,99,0,0
BRDA:628,100,0,0
BRDA:628,100,1,0
BRF:216
BRH:5
end_of_record
TN:
SF:lib/cacheManager.js
FN:14,(anonymous_0)
FN:18,(anonymous_1)
FN:28,(anonymous_2)
FN:55,(anonymous_3)
FN:73,(anonymous_4)
FN:83,(anonymous_5)
FN:102,(anonymous_6)
FN:103,(anonymous_7)
FN:115,(anonymous_8)
FN:129,(anonymous_9)
FN:142,(anonymous_10)
FN:144,(anonymous_11)
FN:146,(anonymous_12)
FN:151,(anonymous_13)
FNF:14
FNH:3
FNDA:2,(anonymous_0)
FNDA:0,(anonymous_1)
FNDA:3,(anonymous_2)
FNDA:2,(anonymous_3)
FNDA:0,(anonymous_4)
FNDA:0,(anonymous_5)
FNDA:0,(anonymous_6)
FNDA:0,(anonymous_7)
FNDA:0,(anonymous_8)
FNDA:0,(anonymous_9)
FNDA:0,(anonymous_10)
FNDA:0,(anonymous_11)
FNDA:0,(anonymous_12)
FNDA:0,(anonymous_13)
DA:15,2
DA:18,2
DA:29,3
DA:30,3
DA:31,0
DA:32,0
DA:35,3
DA:36,3
DA:39,3
DA:40,1
DA:41,1
DA:44,2
DA:56,2
DA:57,2
DA:58,0
DA:59,0
DA:62,2
DA:63,2
DA:74,0
DA:84,0
DA:85,0
DA:86,0
DA:87,0
DA:90,0
DA:91,0
DA:92,0
DA:94,0
DA:95,0
DA:103,0
DA:104,0
DA:106,0
DA:116,0
DA:117,0
DA:118,0
DA:120,0
DA:128,0
DA:129,0
DA:130,0
DA:131,0
DA:136,0
DA:143,0
DA:144,0
DA:145,0
DA:146,0
DA:147,0
DA:148,0
DA:151,0
DA:152,0
DA:153,0
DA:156,0
DA:157,0
DA:159,0
DA:163,1
LF:53
LH:15
BRDA:18,0,0,2
BRDA:18,0,1,2
BRDA:30,1,0,0
BRDA:30,1,1,3
BRDA:36,2,0,0
BRDA:36,2,1,3
BRDA:39,3,0,1
BRDA:39,3,1,2
BRDA:39,4,0,3
BRDA:39,4,1,2
BRDA:44,5,0,1
BRDA:44,5,1,1
BRDA:57,6,0,0
BRDA:57,6,1,2
BRDA:62,7,0,1
BRDA:62,7,1,1
BRDA:85,8,0,0
BRDA:85,8,1,0
BRDA:90,9,0,0
BRDA:90,9,1,0
BRDA:116,10,0,0
BRDA:116,10,1,0
BRDA:118,11,0,0
BRDA:118,11,1,0
BRDA:147,12,0,0
BRDA:147,12,1,0
BRDA:147,13,0,0
BRDA:147,13,1,0
BRDA:156,14,0,0
BRDA:156,14,1,0
BRF:30
BRH:13
end_of_record
TN:
SF:lib/cookieJar.js
FN:7,(anonymous_0)
FN:16,(anonymous_1)
FN:35,(anonymous_2)
FN:52,(anonymous_3)
FN:63,(anonymous_4)
FNF:5
FNH:1
FNDA:3,(anonymous_0)
FNDA:0,(anonymous_1)
FNDA:0,(anonymous_2)
FNDA:0,(anonymous_3)
FNDA:0,(anonymous_4)
DA:8,3
DA:17,0
DA:19,0
DA:20,0
DA:21,0
DA:23,0
DA:24,0
DA:25,0
DA:36,0
DA:38,0
DA:39,0
DA:40,0
DA:41,0
DA:45,0
DA:53,0
DA:54,0
DA:55,0
DA:64,0
DA:68,1
LF:19
LH:2
BRDA:17,0,0,0
BRDA:17,0,1,0
BRDA:23,1,0,0
BRDA:23,1,1,0
BRDA:23,2,0,0
BRDA:23,2,1,0
BRDA:39,3,0,0
BRDA:39,3,1,0
BRDA:54,4,0,0
BRDA:54,4,1,0
BRF:10
BRH:0
end_of_record
TN:
SF:lib/fetchClient.js
FN:13,fetchWithTimeout
FN:15,(anonymous_1)
FN:39,ensureSuccessResponse
FN:53,parseJSON
FN:77,post
FN:110,get
FN:138,request
FNF:7
FNH:0
FNDA:0,fetchWithTimeout
FNDA:0,(anonymous_1)
FNDA:0,ensureSuccessResponse
FNDA:0,parseJSON
FNDA:0,post
FNDA:0,get
FNDA:0,request
DA:14,0
DA:15,0
DA:17,0
DA:18,0
DA:22,0
DA:23,0
DA:25,0
DA:26,0
DA:27,0
DA:29,0
DA:40,0
DA:41,0
DA:42,0
DA:43,0
DA:44,0
DA:54,0
DA:55,0
DA:58,0
DA:59,0
DA:60,0
DA:63,0
DA:64,0
DA:67,0
DA:78,0
DA:80,0
DA:94,0
DA:96,0
DA:111,0
DA:113,0
DA:123,0
DA:125,0
DA:139,0
DA:141,0
DA:147,0
DA:148,0
DA:149,0
DA:152,0
DA:154,0
DA:156,0
DA:164,1
LF:40
LH:1
BRDA:13,0,0,0
BRDA:13,1,0,0
BRDA:26,2,0,0
BRDA:26,2,1,0
BRDA:39,3,0,0
BRDA:40,4,0,0
BRDA:40,4,1,0
BRDA:55,5,0,0
BRDA:55,5,1,0
BRDA:59,6,0,0
BRDA:59,6,1,0
BRDA:59,7,0,0
BRDA:59,7,1,0
BRDA:77,8,0,0
BRDA:78,9,0,0
BRDA:78,10,0,0
BRDA:110,11,0,0
BRDA:111,12,0,0
BRDA:111,13,0,0
BRDA:139,14,0,0
BRDA:139,15,0,0
BRDA:139,16,0,0
BRDA:147,17,0,0
BRDA:147,17,1,0
BRDA:147,18,0,0
BRDA:147,18,1,0
BRDA:148,19,0,0
BRDA:148,19,1,0
BRF:28
BRH:0
end_of_record
TN:
SF:lib/httpClient.js
FN:29,(anonymous_0)
FN:30,(anonymous_1)
FN:40,(anonymous_2)
FN:110,(anonymous_3)
FN:152,(anonymous_4)
FN:177,(anonymous_5)
FN:193,(anonymous_6)
FN:242,(anonymous_7)
FN:283,(anonymous_8)
FN:321,(anonymous_9)
FN:342,(anonymous_10)
FN:346,(anonymous_11)
FN:355,(anonymous_12)
FN:365,(anonymous_13)
FN:377,(anonymous_14)
FN:393,(anonymous_15)
FN:405,(anonymous_16)
FNF:17
FNH:1
FNDA:3,(anonymous_0)
FNDA:0,(anonymous_1)
FNDA:0,(anonymous_2)
FNDA:0,(anonymous_3)
FNDA:0,(anonymous_4)
FNDA:0,(anonymous_5)
FNDA:0,(anonymous_6)
FNDA:0,(anonymous_7)
FNDA:0,(anonymous_8)
FNDA:0,(anonymous_9)
FNDA:0,(anonymous_10)
FNDA:0,(anonymous_11)
FNDA:0,(anonymous_12)
FNDA:0,(anonymous_13)
FNDA:0,(anonymous_14)
FNDA:0,(anonymous_15)
FNDA:0,(anonymous_16)
DA:12,1
DA:13,1
DA:14,1
DA:17,1
DA:18,1
DA:19,1
DA:22,1
DA:30,3
DA:31,3
DA:32,3
DA:41,0
DA:42,0
DA:43,0
DA:44,0
DA:45,0
DA:46,0
DA:48,0
DA:49,0
DA:52,0
DA:53,0
DA:57,0
DA:58,0
DA:65,0
DA:66,0
DA:67,0
DA:68,0
DA:69,0
DA:73,0
DA:80,0
DA:87,0
DA:102,0
DA:109,0
DA:110,0
DA:111,0
DA:114,0
DA:118,0
DA:119,0
DA:120,0
DA:123,0
DA:124,0
DA:125,0
DA:127,0
DA:128,0
DA:132,0
DA:139,0
DA:140,0
DA:143,0
DA:144,0
DA:146,0
DA:147,0
DA:151,0
DA:152,0
DA:153,0
DA:155,0
DA:157,0
DA:166,0
DA:167,0
DA:178,0
DA:180,0
DA:181,0
DA:194,0
DA:195,0
DA:212,0
DA:213,0
DA:216,0
DA:217,0
DA:218,0
DA:219,0
DA:221,0
DA:223,0
DA:231,0
DA:232,0
DA:243,0
DA:244,0
DA:249,0
DA:250,0
DA:253,0
DA:254,0
DA:257,0
DA:261,0
DA:262,0
DA:265,0
DA:266,0
DA:268,0
DA:269,0
DA:284,0
DA:285,0
DA:299,0
DA:300,0
DA:303,0
DA:304,0
DA:307,0
DA:309,0
DA:310,0
DA:322,0
DA:323,0
DA:330,0
DA:332,0
DA:343,0
DA:344,0
DA:346,0
DA:347,0
DA:348,0
DA:349,0
DA:350,0
DA:354,0
DA:355,0
DA:366,0
DA:378,0
DA:379,0
DA:381,0
DA:382,0
DA:383,0
DA:386,0
DA:394,0
DA:395,0
DA:397,0
DA:406,0
DA:413,1
LF:119
LH:11
BRDA:29,0,0,0
BRDA:30,1,0,3
BRDA:30,1,1,0
BRDA:48,2,0,0
BRDA:48,2,1,0
BRDA:48,3,0,0
BRDA:48,3,1,0
BRDA:48,3,2,0
BRDA:52,4,0,0
BRDA:52,4,1,0
BRDA:57,5,0,0
BRDA:57,5,1,0
BRDA:57,6,0,0
BRDA:57,6,1,0
BRDA:67,7,0,0
BRDA:67,7,1,0
BRDA:118,8,0,0
BRDA:118,8,1,0
BRDA:118,9,0,0
BRDA:118,9,1,0
BRDA:119,10,0,0
BRDA:119,10,1,0
BRDA:127,11,0,0
BRDA:127,11,1,0
BRDA:139,12,0,0
BRDA:139,12,1,0
BRDA:146,13,0,0
BRDA:146,13,1,0
BRDA:151,14,0,0
BRDA:151,14,1,0
BRDA:153,15,0,0
BRDA:153,15,1,0
BRDA:178,16,0,0
BRDA:178,16,1,0
BRDA:181,17,0,0
BRDA:181,17,1,0
BRDA:212,18,0,0
BRDA:212,18,1,0
BRDA:212,19,0,0
BRDA:212,19,1,0
BRDA:213,20,0,0
BRDA:213,20,1,0
BRDA:249,21,0,0
BRDA:249,21,1,0
BRDA:253,22,0,0
BRDA:253,22,1,0
BRDA:253,23,0,0
BRDA:253,23,1,0
BRDA:261,24,0,0
BRDA:261,24,1,0
BRDA:261,25,0,0
BRDA:261,25,1,0
BRDA:261,25,2,0
BRDA:290,26,0,0
BRDA:290,26,1,0
BRDA:294,27,0,0
BRDA:294,27,1,0
BRDA:299,28,0,0
BRDA:299,28,1,0
BRDA:299,29,0,0
BRDA:299,29,1,0
BRDA:303,30,0,0
BRDA:303,30,1,0
BRDA:344,31,0,0
BRDA:344,31,1,0
BRDA:349,32,0,0
BRDA:349,32,1,0
BRDA:349,33,0,0
BRDA:349,33,1,0
BRDA:365,34,0,0
BRDA:379,35,0,0
BRDA:379,35,1,0
BRDA:381,36,0,0
BRDA:381,36,1,0
BRDA:393,37,0,0
BRDA:394,38,0,0
BRDA:394,38,1,0
BRF:77
BRH:1
end_of_record
